#
# There is insufficient memory for the Java Runtime Environment to continue.
# Native memory allocation (malloc) failed to allocate 724816 bytes for Chunk::new
# Possible reasons:
#   The system is out of physical RAM or swap space
#   The process is running with CompressedOops enabled, and the Java Heap may be blocking the growth of the native heap
# Possible solutions:
#   Reduce memory load on the system
#   Increase physical memory or swap space
#   Check if swap backing store is full
#   Decrease Java heap size (-Xmx/-Xms)
#   Decrease number of Java threads
#   Decrease Java thread stack sizes (-Xss)
#   Set larger code cache with -XX:ReservedCodeCacheSize=
#   JVM is running with Zero Based Compressed Oops mode in which the Java heap is
#     placed in the first 32GB address space. The Java Heap base address is the
#     maximum limit for the native heap growth. Please use -XX:HeapBaseMinAddress
#     to set the Java Heap base and to place the Java Heap above 32GB virtual address.
# This output file may be truncated or incomplete.
#
#  Out of Memory Error (./open/src/hotspot/share/memory/arena.cpp:197), pid=15648, tid=38100
#
# JRE version: Java(TM) SE Runtime Environment 18.9 (11.0.12+8) (build 11.0.12+8-LTS-237)
# Java VM: Java HotSpot(TM) 64-Bit Server VM 18.9 (11.0.12+8-LTS-237, mixed mode, tiered, compressed oops, g1 gc, windows-amd64)
# No core dump will be written. Minidumps are not enabled by default on client versions of Windows
#

---------------  S U M M A R Y ------------

Command Line: C:\Users\User\AppData\Local\Temp\surefire10152305975432991531\surefirebooter6314638904452237644.jar C:\Users\User\AppData\Local\Temp\surefire10152305975432991531 2022-10-16T13-22-41_479-jvmRun1 surefire18184058551582296502tmp surefire_016812157123157070676tmp

Host: AMD Ryzen 5 3500U with Radeon Vega Mobile Gfx  , 8 cores, 9G,  Windows 10 , 64 bit Build 22621 (10.0.22621.457)
Time: Sun Oct 16 13:22:48 2022 Hora est. Pacífico, Sudamérica elapsed time: 6.288754 seconds (0d 0h 0m 6s)

---------------  T H R E A D  ---------------

Current thread (0x000001caee363000):  JavaThread "C2 CompilerThread0" daemon [_thread_in_native, id=38100, stack(0x00000071a7500000,0x00000071a7600000)]


Current CompileTask:
C2:   6288 3062       4       java.util.regex.Pattern::closure (365 bytes)

Stack: [0x00000071a7500000,0x00000071a7600000]
Native frames: (J=compiled Java code, j=interpreted, Vv=VM code, C=native code)
V  [jvm.dll+0x617d9a]
V  [jvm.dll+0x74eeef]
V  [jvm.dll+0x750599]
V  [jvm.dll+0x750c23]
V  [jvm.dll+0x2438d8]
V  [jvm.dll+0xba6dc]
V  [jvm.dll+0xbac9c]
V  [jvm.dll+0x3469b7]
V  [jvm.dll+0x3147a3]
V  [jvm.dll+0x313aea]
V  [jvm.dll+0x1fd105]
V  [jvm.dll+0x1fc2ed]
V  [jvm.dll+0x17f18c]
V  [jvm.dll+0x20b87c]
V  [jvm.dll+0x20997b]
V  [jvm.dll+0x716359]
V  [jvm.dll+0x70f064]
V  [jvm.dll+0x616f66]
C  [ucrtbase.dll+0x29363]
C  [KERNEL32.DLL+0x1244d]
C  [ntdll.dll+0x5df78]


---------------  P R O C E S S  ---------------

Threads class SMR info:
_java_thread_list=0x000001caf3672190, length=25, elements={
0x000001cacba99000, 0x000001caedac5000, 0x000001caee2f0800, 0x000001caee35d800,
0x000001caee35e800, 0x000001caee360000, 0x000001caee363000, 0x000001caee306800,
0x000001caee307800, 0x000001caee4d0800, 0x000001caee560800, 0x000001caee859000,
0x000001caf0459000, 0x000001caf07d5800, 0x000001caf07fa000, 0x000001caf0605800,
0x000001caf28b6000, 0x000001caf05df800, 0x000001caf11b0800, 0x000001caf0bc5800,
0x000001caf2ddf800, 0x000001caf2de0800, 0x000001caf2de1000, 0x000001caf2de2000,
0x000001caf0d3a800
}

Java Threads: ( => current thread )
  0x000001cacba99000 JavaThread "main" [_thread_in_vm, id=31420, stack(0x00000071a6900000,0x00000071a6a00000)]
  0x000001caedac5000 JavaThread "Reference Handler" daemon [_thread_blocked, id=15540, stack(0x00000071a7000000,0x00000071a7100000)]
  0x000001caee2f0800 JavaThread "Finalizer" daemon [_thread_blocked, id=33296, stack(0x00000071a7100000,0x00000071a7200000)]
  0x000001caee35d800 JavaThread "Signal Dispatcher" daemon [_thread_blocked, id=22416, stack(0x00000071a7200000,0x00000071a7300000)]
  0x000001caee35e800 JavaThread "Attach Listener" daemon [_thread_blocked, id=13684, stack(0x00000071a7300000,0x00000071a7400000)]
  0x000001caee360000 JavaThread "Service Thread" daemon [_thread_blocked, id=43504, stack(0x00000071a7400000,0x00000071a7500000)]
=>0x000001caee363000 JavaThread "C2 CompilerThread0" daemon [_thread_in_native, id=38100, stack(0x00000071a7500000,0x00000071a7600000)]
  0x000001caee306800 JavaThread "C1 CompilerThread0" daemon [_thread_blocked, id=33328, stack(0x00000071a7600000,0x00000071a7700000)]
  0x000001caee307800 JavaThread "Sweeper thread" daemon [_thread_blocked, id=25720, stack(0x00000071a7700000,0x00000071a7800000)]
  0x000001caee4d0800 JavaThread "Common-Cleaner" daemon [_thread_blocked, id=28000, stack(0x00000071a7900000,0x00000071a7a00000)]
  0x000001caee560800 JavaThread "surefire-forkedjvm-command-thread" daemon [_thread_in_native, id=10568, stack(0x00000071a7a00000,0x00000071a7b00000)]
  0x000001caee859000 JavaThread "surefire-forkedjvm-ping-30s" daemon [_thread_blocked, id=13476, stack(0x00000071a7b00000,0x00000071a7c00000)]
  0x000001caf0459000 JavaThread "ForkJoinPool.commonPool-worker-3" daemon [_thread_blocked, id=29868, stack(0x00000071a8000000,0x00000071a8100000)]
  0x000001caf07d5800 JavaThread "ForkJoinPool.commonPool-worker-5" daemon [_thread_blocked, id=21580, stack(0x00000071a8100000,0x00000071a8200000)]
  0x000001caf07fa000 JavaThread "ForkJoinPool.commonPool-worker-7" daemon [_thread_blocked, id=36452, stack(0x00000071a8200000,0x00000071a8300000)]
  0x000001caf0605800 JavaThread "AsyncHttpClient-1-1" daemon [_thread_blocked, id=16860, stack(0x00000071a8400000,0x00000071a8500000)]
  0x000001caf28b6000 JavaThread "Exec Default Executor" daemon [_thread_in_native, id=19132, stack(0x00000071a8500000,0x00000071a8600000)]
  0x000001caf05df800 JavaThread "Driver Service Executor" daemon [_thread_blocked, id=21832, stack(0x00000071a8600000,0x00000071a8700000)]
  0x000001caf11b0800 JavaThread "Driver Service Executor" daemon [_thread_blocked, id=4800, stack(0x00000071a8700000,0x00000071a8800000)]
  0x000001caf0bc5800 JavaThread "UrlChecker-2" daemon [_thread_blocked, id=29440, stack(0x00000071a8800000,0x00000071a8900000)]
  0x000001caf2ddf800 JavaThread "Exec Stream Pumper" daemon [_thread_in_native, id=42436, stack(0x00000071a8900000,0x00000071a8a00000)]
  0x000001caf2de0800 JavaThread "Exec Stream Pumper" daemon [_thread_in_native, id=35016, stack(0x00000071a8a00000,0x00000071a8b00000)]
  0x000001caf2de1000 JavaThread "Keep-Alive-Timer" daemon [_thread_blocked, id=30868, stack(0x00000071a7e00000,0x00000071a7f00000)]
  0x000001caf2de2000 JavaThread "AsyncHttpClient-1-2" daemon [_thread_in_native, id=10476, stack(0x00000071a8300000,0x00000071a8400000)]
  0x000001caf0d3a800 JavaThread "AsyncHttpClient-1-3" daemon [_thread_in_native, id=17392, stack(0x00000071a8c00000,0x00000071a8d00000)]

Other Threads:
  0x000001caedac0800 VMThread "VM Thread" [stack: 0x00000071a6f00000,0x00000071a7000000] [id=35324]
  0x000001caee4d0000 WatcherThread [stack: 0x00000071a7800000,0x00000071a7900000] [id=37316]
  0x000001cacb91b000 GCTaskThread "GC Thread#0" [stack: 0x00000071a6a00000,0x00000071a6b00000] [id=27748]
  0x000001caeed8f000 GCTaskThread "GC Thread#1" [stack: 0x00000071a7c00000,0x00000071a7d00000] [id=24624]
  0x000001caee953000 GCTaskThread "GC Thread#2" [stack: 0x00000071a7d00000,0x00000071a7e00000] [id=43768]
  0x000001cacbae4000 ConcurrentGCThread "G1 Main Marker" [stack: 0x00000071a6b00000,0x00000071a6c00000] [id=29408]
  0x000001cacbae6000 ConcurrentGCThread "G1 Conc#0" [stack: 0x00000071a6c00000,0x00000071a6d00000] [id=16760]
  0x000001caefd47000 ConcurrentGCThread "G1 Conc#1" [stack: 0x00000071a7f00000,0x00000071a8000000] [id=23908]
  0x000001caed928800 ConcurrentGCThread "G1 Refine#0" [stack: 0x00000071a6d00000,0x00000071a6e00000] [id=28944]
  0x000001caed92b800 ConcurrentGCThread "G1 Young RemSet Sampling" [stack: 0x00000071a6e00000,0x00000071a6f00000] [id=13392]

Threads with active compile tasks:
C2 CompilerThread0   6311 3062       4       java.util.regex.Pattern::closure (365 bytes)
C1 CompilerThread0   6312 3117       3       java.net.URL::isValidProtocol (78 bytes)

VM state:not at safepoint (normal execution)

VM Mutex/Monitor currently owned by a thread: None

Heap address: 0x0000000761e00000, size: 2530 MB, Compressed Oops mode: Zero based, Oop shift amount: 3
Narrow klass base: 0x0000000800000000, Narrow klass shift: 0
Compressed class space size: 1073741824 Address: 0x0000000800000000

Heap:
 garbage-first heap   total 196608K, used 70068K [0x0000000761e00000, 0x0000000800000000)
  region size 1024K, 51 young (52224K), 6 survivors (6144K)
 Metaspace       used 39453K, capacity 40521K, committed 40752K, reserved 1085440K
  class space    used 4705K, capacity 5125K, committed 5248K, reserved 1048576K
Heap Regions: E=young(eden), S=young(survivor), O=old, HS=humongous(starts), HC=humongous(continues), CS=collection set, F=free, A=archive, TAMS=top-at-mark-start (previous, next)
|   0|0x0000000761e00000, 0x0000000761f00000, 0x0000000761f00000|100%| O|  |TAMS 0x0000000761f00000, 0x0000000761e00000| Untracked 
|   1|0x0000000761f00000, 0x0000000762000000, 0x0000000762000000|100%| O|  |TAMS 0x0000000762000000, 0x0000000761f00000| Untracked 
|   2|0x0000000762000000, 0x0000000762100000, 0x0000000762100000|100%| O|  |TAMS 0x0000000762100000, 0x0000000762000000| Untracked 
|   3|0x0000000762100000, 0x0000000762200000, 0x0000000762200000|100%| O|  |TAMS 0x0000000762200000, 0x0000000762100000| Untracked 
|   4|0x0000000762200000, 0x0000000762300000, 0x0000000762300000|100%| O|  |TAMS 0x0000000762300000, 0x0000000762200000| Untracked 
|   5|0x0000000762300000, 0x0000000762400000, 0x0000000762400000|100%| O|  |TAMS 0x0000000762400000, 0x0000000762300000| Untracked 
|   6|0x0000000762400000, 0x0000000762500000, 0x0000000762500000|100%| O|  |TAMS 0x0000000762500000, 0x0000000762400000| Untracked 
|   7|0x0000000762500000, 0x0000000762600000, 0x0000000762600000|100%| O|  |TAMS 0x0000000762600000, 0x0000000762500000| Untracked 
|   8|0x0000000762600000, 0x0000000762700000, 0x0000000762700000|100%| O|  |TAMS 0x0000000762700000, 0x0000000762600000| Untracked 
|   9|0x0000000762700000, 0x0000000762800000, 0x0000000762800000|100%| O|  |TAMS 0x0000000762800000, 0x0000000762700000| Untracked 
|  10|0x0000000762800000, 0x0000000762900000, 0x0000000762900000|100%| O|  |TAMS 0x0000000762900000, 0x0000000762800000| Untracked 
|  11|0x0000000762900000, 0x0000000762a00000, 0x0000000762a00000|100%| O|  |TAMS 0x0000000762a00000, 0x0000000762900000| Untracked 
|  12|0x0000000762a00000, 0x0000000762b00000, 0x0000000762b00000|100%| O|  |TAMS 0x0000000762b00000, 0x0000000762a00000| Untracked 
|  13|0x0000000762b00000, 0x0000000762b6d000, 0x0000000762c00000| 42%| O|  |TAMS 0x0000000762b6d000, 0x0000000762b00000| Untracked 
|  14|0x0000000762c00000, 0x0000000762d00000, 0x0000000762d00000|100%|HS|  |TAMS 0x0000000762c00000, 0x0000000762c00000| Complete 
|  15|0x0000000762d00000, 0x0000000762e00000, 0x0000000762e00000|100%|HC|  |TAMS 0x0000000762d00000, 0x0000000762d00000| Complete 
|  16|0x0000000762e00000, 0x0000000762f00000, 0x0000000762f00000|100%|HC|  |TAMS 0x0000000762e00000, 0x0000000762e00000| Complete 
|  17|0x0000000762f00000, 0x0000000763000000, 0x0000000763000000|100%|HC|  |TAMS 0x0000000762f00000, 0x0000000762f00000| Complete 
|  18|0x0000000763000000, 0x0000000763100000, 0x0000000763100000|100%|HC|  |TAMS 0x0000000763000000, 0x0000000763000000| Complete 
|  19|0x0000000763100000, 0x0000000763100000, 0x0000000763200000|  0%| F|  |TAMS 0x0000000763100000, 0x0000000763100000| Untracked 
|  20|0x0000000763200000, 0x0000000763200000, 0x0000000763300000|  0%| F|  |TAMS 0x0000000763200000, 0x0000000763200000| Untracked 
|  21|0x0000000763300000, 0x0000000763300000, 0x0000000763400000|  0%| F|  |TAMS 0x0000000763300000, 0x0000000763300000| Untracked 
|  22|0x0000000763400000, 0x0000000763400000, 0x0000000763500000|  0%| F|  |TAMS 0x0000000763400000, 0x0000000763400000| Untracked 
|  23|0x0000000763500000, 0x0000000763500000, 0x0000000763600000|  0%| F|  |TAMS 0x0000000763500000, 0x0000000763500000| Untracked 
|  24|0x0000000763600000, 0x0000000763600000, 0x0000000763700000|  0%| F|  |TAMS 0x0000000763600000, 0x0000000763600000| Untracked 
|  25|0x0000000763700000, 0x0000000763700000, 0x0000000763800000|  0%| F|  |TAMS 0x0000000763700000, 0x0000000763700000| Untracked 
|  26|0x0000000763800000, 0x0000000763800000, 0x0000000763900000|  0%| F|  |TAMS 0x0000000763800000, 0x0000000763800000| Untracked 
|  27|0x0000000763900000, 0x0000000763900000, 0x0000000763a00000|  0%| F|  |TAMS 0x0000000763900000, 0x0000000763900000| Untracked 
|  28|0x0000000763a00000, 0x0000000763a00000, 0x0000000763b00000|  0%| F|  |TAMS 0x0000000763a00000, 0x0000000763a00000| Untracked 
|  29|0x0000000763b00000, 0x0000000763b00000, 0x0000000763c00000|  0%| F|  |TAMS 0x0000000763b00000, 0x0000000763b00000| Untracked 
|  30|0x0000000763c00000, 0x0000000763c00000, 0x0000000763d00000|  0%| F|  |TAMS 0x0000000763c00000, 0x0000000763c00000| Untracked 
|  31|0x0000000763d00000, 0x0000000763d00000, 0x0000000763e00000|  0%| F|  |TAMS 0x0000000763d00000, 0x0000000763d00000| Untracked 
|  32|0x0000000763e00000, 0x0000000763e00000, 0x0000000763f00000|  0%| F|  |TAMS 0x0000000763e00000, 0x0000000763e00000| Untracked 
|  33|0x0000000763f00000, 0x0000000763f00000, 0x0000000764000000|  0%| F|  |TAMS 0x0000000763f00000, 0x0000000763f00000| Untracked 
|  34|0x0000000764000000, 0x0000000764000000, 0x0000000764100000|  0%| F|  |TAMS 0x0000000764000000, 0x0000000764000000| Untracked 
|  35|0x0000000764100000, 0x0000000764100000, 0x0000000764200000|  0%| F|  |TAMS 0x0000000764100000, 0x0000000764100000| Untracked 
|  36|0x0000000764200000, 0x0000000764200000, 0x0000000764300000|  0%| F|  |TAMS 0x0000000764200000, 0x0000000764200000| Untracked 
|  37|0x0000000764300000, 0x0000000764300000, 0x0000000764400000|  0%| F|  |TAMS 0x0000000764300000, 0x0000000764300000| Untracked 
|  38|0x0000000764400000, 0x0000000764400000, 0x0000000764500000|  0%| F|  |TAMS 0x0000000764400000, 0x0000000764400000| Untracked 
|  39|0x0000000764500000, 0x0000000764500000, 0x0000000764600000|  0%| F|  |TAMS 0x0000000764500000, 0x0000000764500000| Untracked 
|  40|0x0000000764600000, 0x0000000764600000, 0x0000000764700000|  0%| F|  |TAMS 0x0000000764600000, 0x0000000764600000| Untracked 
|  41|0x0000000764700000, 0x0000000764700000, 0x0000000764800000|  0%| F|  |TAMS 0x0000000764700000, 0x0000000764700000| Untracked 
|  42|0x0000000764800000, 0x0000000764800000, 0x0000000764900000|  0%| F|  |TAMS 0x0000000764800000, 0x0000000764800000| Untracked 
|  43|0x0000000764900000, 0x0000000764900000, 0x0000000764a00000|  0%| F|  |TAMS 0x0000000764900000, 0x0000000764900000| Untracked 
|  44|0x0000000764a00000, 0x0000000764a00000, 0x0000000764b00000|  0%| F|  |TAMS 0x0000000764a00000, 0x0000000764a00000| Untracked 
|  45|0x0000000764b00000, 0x0000000764b00000, 0x0000000764c00000|  0%| F|  |TAMS 0x0000000764b00000, 0x0000000764b00000| Untracked 
|  46|0x0000000764c00000, 0x0000000764c00000, 0x0000000764d00000|  0%| F|  |TAMS 0x0000000764c00000, 0x0000000764c00000| Untracked 
|  47|0x0000000764d00000, 0x0000000764d00000, 0x0000000764e00000|  0%| F|  |TAMS 0x0000000764d00000, 0x0000000764d00000| Untracked 
|  48|0x0000000764e00000, 0x0000000764e00000, 0x0000000764f00000|  0%| F|  |TAMS 0x0000000764e00000, 0x0000000764e00000| Untracked 
|  49|0x0000000764f00000, 0x0000000764f00000, 0x0000000765000000|  0%| F|  |TAMS 0x0000000764f00000, 0x0000000764f00000| Untracked 
|  50|0x0000000765000000, 0x0000000765000000, 0x0000000765100000|  0%| F|  |TAMS 0x0000000765000000, 0x0000000765000000| Untracked 
|  51|0x0000000765100000, 0x0000000765100000, 0x0000000765200000|  0%| F|  |TAMS 0x0000000765100000, 0x0000000765100000| Untracked 
|  52|0x0000000765200000, 0x0000000765200000, 0x0000000765300000|  0%| F|  |TAMS 0x0000000765200000, 0x0000000765200000| Untracked 
|  53|0x0000000765300000, 0x0000000765300000, 0x0000000765400000|  0%| F|  |TAMS 0x0000000765300000, 0x0000000765300000| Untracked 
|  54|0x0000000765400000, 0x0000000765400000, 0x0000000765500000|  0%| F|  |TAMS 0x0000000765400000, 0x0000000765400000| Untracked 
|  55|0x0000000765500000, 0x0000000765500000, 0x0000000765600000|  0%| F|  |TAMS 0x0000000765500000, 0x0000000765500000| Untracked 
|  56|0x0000000765600000, 0x0000000765600000, 0x0000000765700000|  0%| F|  |TAMS 0x0000000765600000, 0x0000000765600000| Untracked 
|  57|0x0000000765700000, 0x0000000765700000, 0x0000000765800000|  0%| F|  |TAMS 0x0000000765700000, 0x0000000765700000| Untracked 
|  58|0x0000000765800000, 0x0000000765800000, 0x0000000765900000|  0%| F|  |TAMS 0x0000000765800000, 0x0000000765800000| Untracked 
|  59|0x0000000765900000, 0x0000000765900000, 0x0000000765a00000|  0%| F|  |TAMS 0x0000000765900000, 0x0000000765900000| Untracked 
|  60|0x0000000765a00000, 0x0000000765a00000, 0x0000000765b00000|  0%| F|  |TAMS 0x0000000765a00000, 0x0000000765a00000| Untracked 
|  61|0x0000000765b00000, 0x0000000765b00000, 0x0000000765c00000|  0%| F|  |TAMS 0x0000000765b00000, 0x0000000765b00000| Untracked 
|  62|0x0000000765c00000, 0x0000000765c00000, 0x0000000765d00000|  0%| F|  |TAMS 0x0000000765c00000, 0x0000000765c00000| Untracked 
|  63|0x0000000765d00000, 0x0000000765d00000, 0x0000000765e00000|  0%| F|  |TAMS 0x0000000765d00000, 0x0000000765d00000| Untracked 
|  64|0x0000000765e00000, 0x0000000765e00000, 0x0000000765f00000|  0%| F|  |TAMS 0x0000000765e00000, 0x0000000765e00000| Untracked 
|  65|0x0000000765f00000, 0x0000000765f00000, 0x0000000766000000|  0%| F|  |TAMS 0x0000000765f00000, 0x0000000765f00000| Untracked 
|  66|0x0000000766000000, 0x0000000766000000, 0x0000000766100000|  0%| F|  |TAMS 0x0000000766000000, 0x0000000766000000| Untracked 
|  67|0x0000000766100000, 0x0000000766100000, 0x0000000766200000|  0%| F|  |TAMS 0x0000000766100000, 0x0000000766100000| Untracked 
|  68|0x0000000766200000, 0x0000000766200000, 0x0000000766300000|  0%| F|  |TAMS 0x0000000766200000, 0x0000000766200000| Untracked 
|  69|0x0000000766300000, 0x0000000766300000, 0x0000000766400000|  0%| F|  |TAMS 0x0000000766300000, 0x0000000766300000| Untracked 
|  70|0x0000000766400000, 0x0000000766400000, 0x0000000766500000|  0%| F|  |TAMS 0x0000000766400000, 0x0000000766400000| Untracked 
|  71|0x0000000766500000, 0x0000000766500000, 0x0000000766600000|  0%| F|  |TAMS 0x0000000766500000, 0x0000000766500000| Untracked 
|  72|0x0000000766600000, 0x0000000766600000, 0x0000000766700000|  0%| F|  |TAMS 0x0000000766600000, 0x0000000766600000| Untracked 
|  73|0x0000000766700000, 0x0000000766700000, 0x0000000766800000|  0%| F|  |TAMS 0x0000000766700000, 0x0000000766700000| Untracked 
|  74|0x0000000766800000, 0x0000000766800000, 0x0000000766900000|  0%| F|  |TAMS 0x0000000766800000, 0x0000000766800000| Untracked 
|  75|0x0000000766900000, 0x0000000766900000, 0x0000000766a00000|  0%| F|  |TAMS 0x0000000766900000, 0x0000000766900000| Untracked 
|  76|0x0000000766a00000, 0x0000000766a00000, 0x0000000766b00000|  0%| F|  |TAMS 0x0000000766a00000, 0x0000000766a00000| Untracked 
|  77|0x0000000766b00000, 0x0000000766b00000, 0x0000000766c00000|  0%| F|  |TAMS 0x0000000766b00000, 0x0000000766b00000| Untracked 
|  78|0x0000000766c00000, 0x0000000766c00000, 0x0000000766d00000|  0%| F|  |TAMS 0x0000000766c00000, 0x0000000766c00000| Untracked 
|  79|0x0000000766d00000, 0x0000000766d00000, 0x0000000766e00000|  0%| F|  |TAMS 0x0000000766d00000, 0x0000000766d00000| Untracked 
|  80|0x0000000766e00000, 0x0000000766e00000, 0x0000000766f00000|  0%| F|  |TAMS 0x0000000766e00000, 0x0000000766e00000| Untracked 
|  81|0x0000000766f00000, 0x0000000766f00000, 0x0000000767000000|  0%| F|  |TAMS 0x0000000766f00000, 0x0000000766f00000| Untracked 
|  82|0x0000000767000000, 0x0000000767000000, 0x0000000767100000|  0%| F|  |TAMS 0x0000000767000000, 0x0000000767000000| Untracked 
|  83|0x0000000767100000, 0x0000000767100000, 0x0000000767200000|  0%| F|  |TAMS 0x0000000767100000, 0x0000000767100000| Untracked 
|  84|0x0000000767200000, 0x0000000767200000, 0x0000000767300000|  0%| F|  |TAMS 0x0000000767200000, 0x0000000767200000| Untracked 
|  85|0x0000000767300000, 0x0000000767300000, 0x0000000767400000|  0%| F|  |TAMS 0x0000000767300000, 0x0000000767300000| Untracked 
|  86|0x0000000767400000, 0x0000000767400000, 0x0000000767500000|  0%| F|  |TAMS 0x0000000767400000, 0x0000000767400000| Untracked 
|  87|0x0000000767500000, 0x0000000767500000, 0x0000000767600000|  0%| F|  |TAMS 0x0000000767500000, 0x0000000767500000| Untracked 
|  88|0x0000000767600000, 0x0000000767600000, 0x0000000767700000|  0%| F|  |TAMS 0x0000000767600000, 0x0000000767600000| Untracked 
|  89|0x0000000767700000, 0x0000000767700000, 0x0000000767800000|  0%| F|  |TAMS 0x0000000767700000, 0x0000000767700000| Untracked 
|  90|0x0000000767800000, 0x0000000767800000, 0x0000000767900000|  0%| F|  |TAMS 0x0000000767800000, 0x0000000767800000| Untracked 
|  91|0x0000000767900000, 0x0000000767900000, 0x0000000767a00000|  0%| F|  |TAMS 0x0000000767900000, 0x0000000767900000| Untracked 
|  92|0x0000000767a00000, 0x0000000767a00000, 0x0000000767b00000|  0%| F|  |TAMS 0x0000000767a00000, 0x0000000767a00000| Untracked 
|  93|0x0000000767b00000, 0x0000000767b00000, 0x0000000767c00000|  0%| F|  |TAMS 0x0000000767b00000, 0x0000000767b00000| Untracked 
|  94|0x0000000767c00000, 0x0000000767c00000, 0x0000000767d00000|  0%| F|  |TAMS 0x0000000767c00000, 0x0000000767c00000| Untracked 
|  95|0x0000000767d00000, 0x0000000767d00000, 0x0000000767e00000|  0%| F|  |TAMS 0x0000000767d00000, 0x0000000767d00000| Untracked 
|  96|0x0000000767e00000, 0x0000000767e00000, 0x0000000767f00000|  0%| F|  |TAMS 0x0000000767e00000, 0x0000000767e00000| Untracked 
|  97|0x0000000767f00000, 0x0000000767f00000, 0x0000000768000000|  0%| F|  |TAMS 0x0000000767f00000, 0x0000000767f00000| Untracked 
|  98|0x0000000768000000, 0x0000000768000000, 0x0000000768100000|  0%| F|  |TAMS 0x0000000768000000, 0x0000000768000000| Untracked 
|  99|0x0000000768100000, 0x0000000768100000, 0x0000000768200000|  0%| F|  |TAMS 0x0000000768100000, 0x0000000768100000| Untracked 
| 100|0x0000000768200000, 0x0000000768200000, 0x0000000768300000|  0%| F|  |TAMS 0x0000000768200000, 0x0000000768200000| Untracked 
| 101|0x0000000768300000, 0x0000000768300000, 0x0000000768400000|  0%| F|  |TAMS 0x0000000768300000, 0x0000000768300000| Untracked 
| 102|0x0000000768400000, 0x0000000768400000, 0x0000000768500000|  0%| F|  |TAMS 0x0000000768400000, 0x0000000768400000| Untracked 
| 103|0x0000000768500000, 0x0000000768500000, 0x0000000768600000|  0%| F|  |TAMS 0x0000000768500000, 0x0000000768500000| Untracked 
| 104|0x0000000768600000, 0x0000000768600000, 0x0000000768700000|  0%| F|  |TAMS 0x0000000768600000, 0x0000000768600000| Untracked 
| 105|0x0000000768700000, 0x0000000768700000, 0x0000000768800000|  0%| F|  |TAMS 0x0000000768700000, 0x0000000768700000| Untracked 
| 106|0x0000000768800000, 0x0000000768800000, 0x0000000768900000|  0%| F|  |TAMS 0x0000000768800000, 0x0000000768800000| Untracked 
| 107|0x0000000768900000, 0x0000000768900000, 0x0000000768a00000|  0%| F|  |TAMS 0x0000000768900000, 0x0000000768900000| Untracked 
| 108|0x0000000768a00000, 0x0000000768a00000, 0x0000000768b00000|  0%| F|  |TAMS 0x0000000768a00000, 0x0000000768a00000| Untracked 
| 109|0x0000000768b00000, 0x0000000768b00000, 0x0000000768c00000|  0%| F|  |TAMS 0x0000000768b00000, 0x0000000768b00000| Untracked 
| 110|0x0000000768c00000, 0x0000000768c00000, 0x0000000768d00000|  0%| F|  |TAMS 0x0000000768c00000, 0x0000000768c00000| Untracked 
| 111|0x0000000768d00000, 0x0000000768d00000, 0x0000000768e00000|  0%| F|  |TAMS 0x0000000768d00000, 0x0000000768d00000| Untracked 
| 112|0x0000000768e00000, 0x0000000768e00000, 0x0000000768f00000|  0%| F|  |TAMS 0x0000000768e00000, 0x0000000768e00000| Untracked 
| 113|0x0000000768f00000, 0x0000000768f00000, 0x0000000769000000|  0%| F|  |TAMS 0x0000000768f00000, 0x0000000768f00000| Untracked 
| 114|0x0000000769000000, 0x0000000769000000, 0x0000000769100000|  0%| F|  |TAMS 0x0000000769000000, 0x0000000769000000| Untracked 
| 115|0x0000000769100000, 0x0000000769100000, 0x0000000769200000|  0%| F|  |TAMS 0x0000000769100000, 0x0000000769100000| Untracked 
| 116|0x0000000769200000, 0x0000000769200000, 0x0000000769300000|  0%| F|  |TAMS 0x0000000769200000, 0x0000000769200000| Untracked 
| 117|0x0000000769300000, 0x0000000769300000, 0x0000000769400000|  0%| F|  |TAMS 0x0000000769300000, 0x0000000769300000| Untracked 
| 118|0x0000000769400000, 0x0000000769400000, 0x0000000769500000|  0%| F|  |TAMS 0x0000000769400000, 0x0000000769400000| Untracked 
| 119|0x0000000769500000, 0x0000000769500000, 0x0000000769600000|  0%| F|  |TAMS 0x0000000769500000, 0x0000000769500000| Untracked 
| 120|0x0000000769600000, 0x0000000769700000, 0x0000000769700000|100%| S|CS|TAMS 0x0000000769600000, 0x0000000769600000| Complete 
| 121|0x0000000769700000, 0x0000000769800000, 0x0000000769800000|100%| S|CS|TAMS 0x0000000769700000, 0x0000000769700000| Complete 
| 122|0x0000000769800000, 0x0000000769900000, 0x0000000769900000|100%| S|CS|TAMS 0x0000000769800000, 0x0000000769800000| Complete 
| 123|0x0000000769900000, 0x0000000769a00000, 0x0000000769a00000|100%| S|CS|TAMS 0x0000000769900000, 0x0000000769900000| Complete 
| 124|0x0000000769a00000, 0x0000000769b00000, 0x0000000769b00000|100%| S|CS|TAMS 0x0000000769a00000, 0x0000000769a00000| Complete 
| 125|0x0000000769b00000, 0x0000000769c00000, 0x0000000769c00000|100%| S|CS|TAMS 0x0000000769b00000, 0x0000000769b00000| Complete 
| 126|0x0000000769c00000, 0x0000000769c00000, 0x0000000769d00000|  0%| F|  |TAMS 0x0000000769c00000, 0x0000000769c00000| Untracked 
| 127|0x0000000769d00000, 0x0000000769d00000, 0x0000000769e00000|  0%| F|  |TAMS 0x0000000769d00000, 0x0000000769d00000| Untracked 
| 128|0x0000000769e00000, 0x0000000769e00000, 0x0000000769f00000|  0%| F|  |TAMS 0x0000000769e00000, 0x0000000769e00000| Untracked 
| 129|0x0000000769f00000, 0x0000000769f00000, 0x000000076a000000|  0%| F|  |TAMS 0x0000000769f00000, 0x0000000769f00000| Untracked 
| 130|0x000000076a000000, 0x000000076a000000, 0x000000076a100000|  0%| F|  |TAMS 0x000000076a000000, 0x000000076a000000| Untracked 
| 131|0x000000076a100000, 0x000000076a100000, 0x000000076a200000|  0%| F|  |TAMS 0x000000076a100000, 0x000000076a100000| Untracked 
| 132|0x000000076a200000, 0x000000076a200000, 0x000000076a300000|  0%| F|  |TAMS 0x000000076a200000, 0x000000076a200000| Untracked 
| 133|0x000000076a300000, 0x000000076a300000, 0x000000076a400000|  0%| F|  |TAMS 0x000000076a300000, 0x000000076a300000| Untracked 
| 134|0x000000076a400000, 0x000000076a400000, 0x000000076a500000|  0%| F|  |TAMS 0x000000076a400000, 0x000000076a400000| Untracked 
| 135|0x000000076a500000, 0x000000076a500000, 0x000000076a600000|  0%| F|  |TAMS 0x000000076a500000, 0x000000076a500000| Untracked 
| 136|0x000000076a600000, 0x000000076a600000, 0x000000076a700000|  0%| F|  |TAMS 0x000000076a600000, 0x000000076a600000| Untracked 
| 137|0x000000076a700000, 0x000000076a700000, 0x000000076a800000|  0%| F|  |TAMS 0x000000076a700000, 0x000000076a700000| Untracked 
| 138|0x000000076a800000, 0x000000076a800000, 0x000000076a900000|  0%| F|  |TAMS 0x000000076a800000, 0x000000076a800000| Untracked 
| 139|0x000000076a900000, 0x000000076a900000, 0x000000076aa00000|  0%| F|  |TAMS 0x000000076a900000, 0x000000076a900000| Untracked 
| 140|0x000000076aa00000, 0x000000076aa00000, 0x000000076ab00000|  0%| F|  |TAMS 0x000000076aa00000, 0x000000076aa00000| Untracked 
| 141|0x000000076ab00000, 0x000000076ab00000, 0x000000076ac00000|  0%| F|  |TAMS 0x000000076ab00000, 0x000000076ab00000| Untracked 
| 142|0x000000076ac00000, 0x000000076ac00000, 0x000000076ad00000|  0%| F|  |TAMS 0x000000076ac00000, 0x000000076ac00000| Untracked 
| 143|0x000000076ad00000, 0x000000076ad00000, 0x000000076ae00000|  0%| F|  |TAMS 0x000000076ad00000, 0x000000076ad00000| Untracked 
| 144|0x000000076ae00000, 0x000000076ae00000, 0x000000076af00000|  0%| F|  |TAMS 0x000000076ae00000, 0x000000076ae00000| Untracked 
| 145|0x000000076af00000, 0x000000076af00000, 0x000000076b000000|  0%| F|  |TAMS 0x000000076af00000, 0x000000076af00000| Untracked 
| 146|0x000000076b000000, 0x000000076b080800, 0x000000076b100000| 50%| E|  |TAMS 0x000000076b000000, 0x000000076b000000| Complete 
| 147|0x000000076b100000, 0x000000076b200000, 0x000000076b200000|100%| E|CS|TAMS 0x000000076b100000, 0x000000076b100000| Complete 
| 148|0x000000076b200000, 0x000000076b300000, 0x000000076b300000|100%| E|CS|TAMS 0x000000076b200000, 0x000000076b200000| Complete 
| 149|0x000000076b300000, 0x000000076b400000, 0x000000076b400000|100%| E|CS|TAMS 0x000000076b300000, 0x000000076b300000| Complete 
| 150|0x000000076b400000, 0x000000076b500000, 0x000000076b500000|100%| E|CS|TAMS 0x000000076b400000, 0x000000076b400000| Complete 
| 151|0x000000076b500000, 0x000000076b600000, 0x000000076b600000|100%| E|CS|TAMS 0x000000076b500000, 0x000000076b500000| Complete 
| 152|0x000000076b600000, 0x000000076b700000, 0x000000076b700000|100%| E|CS|TAMS 0x000000076b600000, 0x000000076b600000| Complete 
| 153|0x000000076b700000, 0x000000076b800000, 0x000000076b800000|100%| E|CS|TAMS 0x000000076b700000, 0x000000076b700000| Complete 
| 154|0x000000076b800000, 0x000000076b900000, 0x000000076b900000|100%| E|CS|TAMS 0x000000076b800000, 0x000000076b800000| Complete 
| 155|0x000000076b900000, 0x000000076ba00000, 0x000000076ba00000|100%| E|CS|TAMS 0x000000076b900000, 0x000000076b900000| Complete 
| 156|0x000000076ba00000, 0x000000076bb00000, 0x000000076bb00000|100%| E|CS|TAMS 0x000000076ba00000, 0x000000076ba00000| Complete 
| 157|0x000000076bb00000, 0x000000076bc00000, 0x000000076bc00000|100%| E|CS|TAMS 0x000000076bb00000, 0x000000076bb00000| Complete 
| 158|0x000000076bc00000, 0x000000076bd00000, 0x000000076bd00000|100%| E|CS|TAMS 0x000000076bc00000, 0x000000076bc00000| Complete 
| 159|0x000000076bd00000, 0x000000076be00000, 0x000000076be00000|100%| E|CS|TAMS 0x000000076bd00000, 0x000000076bd00000| Complete 
| 160|0x000000076be00000, 0x000000076bf00000, 0x000000076bf00000|100%| E|CS|TAMS 0x000000076be00000, 0x000000076be00000| Complete 
| 161|0x000000076bf00000, 0x000000076c000000, 0x000000076c000000|100%| E|CS|TAMS 0x000000076bf00000, 0x000000076bf00000| Complete 
| 162|0x000000076c000000, 0x000000076c100000, 0x000000076c100000|100%| E|CS|TAMS 0x000000076c000000, 0x000000076c000000| Complete 
| 163|0x000000076c100000, 0x000000076c200000, 0x000000076c200000|100%| E|CS|TAMS 0x000000076c100000, 0x000000076c100000| Complete 
| 164|0x000000076c200000, 0x000000076c300000, 0x000000076c300000|100%| E|CS|TAMS 0x000000076c200000, 0x000000076c200000| Complete 
| 165|0x000000076c300000, 0x000000076c400000, 0x000000076c400000|100%| E|CS|TAMS 0x000000076c300000, 0x000000076c300000| Complete 
| 166|0x000000076c400000, 0x000000076c500000, 0x000000076c500000|100%| E|CS|TAMS 0x000000076c400000, 0x000000076c400000| Complete 
| 167|0x000000076c500000, 0x000000076c600000, 0x000000076c600000|100%| E|CS|TAMS 0x000000076c500000, 0x000000076c500000| Complete 
| 168|0x000000076c600000, 0x000000076c700000, 0x000000076c700000|100%| E|CS|TAMS 0x000000076c600000, 0x000000076c600000| Complete 
| 169|0x000000076c700000, 0x000000076c800000, 0x000000076c800000|100%| E|CS|TAMS 0x000000076c700000, 0x000000076c700000| Complete 
| 170|0x000000076c800000, 0x000000076c900000, 0x000000076c900000|100%| E|CS|TAMS 0x000000076c800000, 0x000000076c800000| Complete 
| 171|0x000000076c900000, 0x000000076ca00000, 0x000000076ca00000|100%| E|CS|TAMS 0x000000076c900000, 0x000000076c900000| Complete 
| 172|0x000000076ca00000, 0x000000076cb00000, 0x000000076cb00000|100%| E|CS|TAMS 0x000000076ca00000, 0x000000076ca00000| Complete 
| 173|0x000000076cb00000, 0x000000076cc00000, 0x000000076cc00000|100%| E|CS|TAMS 0x000000076cb00000, 0x000000076cb00000| Complete 
| 174|0x000000076cc00000, 0x000000076cd00000, 0x000000076cd00000|100%| E|CS|TAMS 0x000000076cc00000, 0x000000076cc00000| Complete 
| 175|0x000000076cd00000, 0x000000076ce00000, 0x000000076ce00000|100%| E|CS|TAMS 0x000000076cd00000, 0x000000076cd00000| Complete 
| 176|0x000000076ce00000, 0x000000076cf00000, 0x000000076cf00000|100%| E|CS|TAMS 0x000000076ce00000, 0x000000076ce00000| Complete 
| 177|0x000000076cf00000, 0x000000076d000000, 0x000000076d000000|100%| E|CS|TAMS 0x000000076cf00000, 0x000000076cf00000| Complete 
| 178|0x000000076d000000, 0x000000076d100000, 0x000000076d100000|100%| E|CS|TAMS 0x000000076d000000, 0x000000076d000000| Complete 
| 179|0x000000076d100000, 0x000000076d200000, 0x000000076d200000|100%| E|CS|TAMS 0x000000076d100000, 0x000000076d100000| Complete 
| 180|0x000000076d200000, 0x000000076d300000, 0x000000076d300000|100%| E|CS|TAMS 0x000000076d200000, 0x000000076d200000| Complete 
| 181|0x000000076d300000, 0x000000076d400000, 0x000000076d400000|100%| E|CS|TAMS 0x000000076d300000, 0x000000076d300000| Complete 
| 182|0x000000076d400000, 0x000000076d500000, 0x000000076d500000|100%| E|CS|TAMS 0x000000076d400000, 0x000000076d400000| Complete 
| 183|0x000000076d500000, 0x000000076d600000, 0x000000076d600000|100%| E|CS|TAMS 0x000000076d500000, 0x000000076d500000| Complete 
| 184|0x000000076d600000, 0x000000076d700000, 0x000000076d700000|100%| E|CS|TAMS 0x000000076d600000, 0x000000076d600000| Complete 
| 185|0x000000076d700000, 0x000000076d800000, 0x000000076d800000|100%| E|CS|TAMS 0x000000076d700000, 0x000000076d700000| Complete 
| 186|0x000000076d800000, 0x000000076d900000, 0x000000076d900000|100%| E|CS|TAMS 0x000000076d800000, 0x000000076d800000| Complete 
| 187|0x000000076d900000, 0x000000076da00000, 0x000000076da00000|100%| E|CS|TAMS 0x000000076d900000, 0x000000076d900000| Complete 
| 188|0x000000076da00000, 0x000000076db00000, 0x000000076db00000|100%| E|CS|TAMS 0x000000076da00000, 0x000000076da00000| Complete 
| 189|0x000000076db00000, 0x000000076dc00000, 0x000000076dc00000|100%| E|CS|TAMS 0x000000076db00000, 0x000000076db00000| Complete 
| 190|0x000000076dc00000, 0x000000076dd00000, 0x000000076dd00000|100%| E|CS|TAMS 0x000000076dc00000, 0x000000076dc00000| Complete 
| 191|0x000000076dd00000, 0x000000076de00000, 0x000000076de00000|100%| E|CS|TAMS 0x000000076dd00000, 0x000000076dd00000| Complete 

Card table byte_map: [0x000001cae56a0000,0x000001cae5ba0000] _byte_map_base: 0x000001cae1b91000

Marking Bits (Prev, Next): (CMBitMap*) 0x000001cacbad95a8, (CMBitMap*) 0x000001cacbad95e0
 Prev Bits: [0x000001cae60a0000, 0x000001cae8828000)
 Next Bits: [0x000001cae8830000, 0x000001caeafb8000)

Polling page: 0x000001cacbb70000

Metaspace:

Usage:
  Non-class:     34.57 MB capacity,    33.94 MB ( 98%) used,   513.21 KB (  1%) free+waste,   125.94 KB ( <1%) overhead. 
      Class:      5.00 MB capacity,     4.59 MB ( 92%) used,   358.63 KB (  7%) free+waste,    61.13 KB (  1%) overhead. 
       Both:     39.57 MB capacity,    38.54 MB ( 97%) used,   871.84 KB (  2%) free+waste,   187.06 KB ( <1%) overhead. 

Virtual space:
  Non-class space:       36.00 MB reserved,      34.67 MB ( 96%) committed 
      Class space:        1.00 GB reserved,       5.13 MB ( <1%) committed 
             Both:        1.04 GB reserved,      39.80 MB (  4%) committed 

Chunk freelists:
   Non-Class:  5.50 KB
       Class:  0 bytes
        Both:  5.50 KB

CodeHeap 'non-profiled nmethods': size=120000Kb used=1645Kb max_used=1645Kb free=118354Kb
 bounds [0x000001cadd1f0000, 0x000001cadd460000, 0x000001cae4720000]
CodeHeap 'profiled nmethods': size=120000Kb used=6764Kb max_used=6764Kb free=113235Kb
 bounds [0x000001cad5cc0000, 0x000001cad6360000, 0x000001cadd1f0000]
CodeHeap 'non-nmethods': size=5760Kb used=1200Kb max_used=1218Kb free=4559Kb
 bounds [0x000001cad5720000, 0x000001cad5990000, 0x000001cad5cc0000]
 total_blobs=3664 nmethods=3119 adapters=455
 compilation: enabled
              stopped_count=0, restarted_count=0
 full_count=0

Compilation events (10 events):
Event: 6.281 Thread 0x000001caee306800 nmethod 3079 0x000001cad6332790 code [0x000001cad63329a0, 0x000001cad6333108]
Event: 6.281 Thread 0x000001caee306800 3081   !   3       java.util.zip.Inflater$InflaterZStreamRef::get (52 bytes)
Event: 6.282 Thread 0x000001caee306800 nmethod 3081 0x000001cad6333310 code [0x000001cad6333580, 0x000001cad6333fc8]
Event: 6.282 Thread 0x000001caee306800 3082   !   3       java.util.ServiceLoader$LazyClassPathLookupIterator::hasNextService (143 bytes)
Event: 6.284 Thread 0x000001caee306800 nmethod 3082 0x000001cad6334490 code [0x000001cad6334840, 0x000001cad6335eb8]
Event: 6.284 Thread 0x000001caee306800 3083       3       java.util.stream.ReduceOps$ReduceOp::<init> (10 bytes)
Event: 6.284 Thread 0x000001caee306800 nmethod 3083 0x000001cad6336a10 code [0x000001cad6336bc0, 0x000001cad6336d78]
Event: 6.284 Thread 0x000001caee306800 3084       3       java.util.stream.ReduceOps$Box::<init> (5 bytes)
Event: 6.285 Thread 0x000001caee306800 nmethod 3084 0x000001cad6336e10 code [0x000001cad6336fc0, 0x000001cad6337118]
Event: 6.286 Thread 0x000001caee306800 3085       3       com.google.inject.Key::<init> (29 bytes)

GC Heap History (10 events):
Event: 0.489 GC heap before
{Heap before GC invocations=0 (full 0):
 garbage-first heap   total 163840K, used 23552K [0x0000000761e00000, 0x0000000800000000)
  region size 1024K, 24 young (24576K), 0 survivors (0K)
 Metaspace       used 9299K, capacity 9481K, committed 9728K, reserved 1058816K
  class space    used 835K, capacity 910K, committed 1024K, reserved 1048576K
}
Event: 0.494 GC heap after
{Heap after GC invocations=1 (full 0):
 garbage-first heap   total 163840K, used 7726K [0x0000000761e00000, 0x0000000800000000)
  region size 1024K, 3 young (3072K), 3 survivors (3072K)
 Metaspace       used 9299K, capacity 9481K, committed 9728K, reserved 1058816K
  class space    used 835K, capacity 910K, committed 1024K, reserved 1048576K
}
Event: 2.064 GC heap before
{Heap before GC invocations=1 (full 0):
 garbage-first heap   total 163840K, used 73262K [0x0000000761e00000, 0x0000000800000000)
  region size 1024K, 68 young (69632K), 3 survivors (3072K)
 Metaspace       used 20732K, capacity 21210K, committed 21296K, reserved 1069056K
  class space    used 2222K, capacity 2402K, committed 2432K, reserved 1048576K
}
Event: 2.072 GC heap after
{Heap after GC invocations=2 (full 0):
 garbage-first heap   total 163840K, used 13825K [0x0000000761e00000, 0x0000000800000000)
  region size 1024K, 9 young (9216K), 9 survivors (9216K)
 Metaspace       used 20732K, capacity 21210K, committed 21296K, reserved 1069056K
  class space    used 2222K, capacity 2402K, committed 2432K, reserved 1048576K
}
Event: 2.314 GC heap before
{Heap before GC invocations=3 (full 0):
 garbage-first heap   total 163840K, used 31233K [0x0000000761e00000, 0x0000000800000000)
  region size 1024K, 26 young (26624K), 9 survivors (9216K)
 Metaspace       used 22478K, capacity 22996K, committed 23216K, reserved 1069056K
  class space    used 2487K, capacity 2702K, committed 2816K, reserved 1048576K
}
Event: 2.326 GC heap after
{Heap after GC invocations=4 (full 0):
 garbage-first heap   total 163840K, used 14248K [0x0000000761e00000, 0x0000000800000000)
  region size 1024K, 1 young (1024K), 1 survivors (1024K)
 Metaspace       used 22478K, capacity 22996K, committed 23216K, reserved 1069056K
  class space    used 2487K, capacity 2702K, committed 2816K, reserved 1048576K
}
Event: 3.436 GC heap before
{Heap before GC invocations=4 (full 0):
 garbage-first heap   total 163840K, used 78760K [0x0000000761e00000, 0x0000000800000000)
  region size 1024K, 64 young (65536K), 1 survivors (1024K)
 Metaspace       used 30561K, capacity 31400K, committed 31664K, reserved 1077248K
  class space    used 3475K, capacity 3799K, committed 3840K, reserved 1048576K
}
Event: 3.444 GC heap after
{Heap after GC invocations=5 (full 0):
 garbage-first heap   total 163840K, used 18372K [0x0000000761e00000, 0x0000000800000000)
  region size 1024K, 5 young (5120K), 5 survivors (5120K)
 Metaspace       used 30561K, capacity 31400K, committed 31664K, reserved 1077248K
  class space    used 3475K, capacity 3799K, committed 3840K, reserved 1048576K
}
Event: 3.865 GC heap before
{Heap before GC invocations=5 (full 0):
 garbage-first heap   total 163840K, used 52164K [0x0000000761e00000, 0x0000000800000000)
  region size 1024K, 39 young (39936K), 5 survivors (5120K)
 Metaspace       used 34925K, capacity 35764K, committed 35888K, reserved 1081344K
  class space    used 4062K, capacity 4408K, committed 4480K, reserved 1048576K
}
Event: 3.873 GC heap after
{Heap after GC invocations=6 (full 0):
 garbage-first heap   total 196608K, used 19892K [0x0000000761e00000, 0x0000000800000000)
  region size 1024K, 6 young (6144K), 6 survivors (6144K)
 Metaspace       used 34925K, capacity 35764K, committed 35888K, reserved 1081344K
  class space    used 4062K, capacity 4408K, committed 4480K, reserved 1048576K
}

Deoptimization events (10 events):
Event: 3.553 Thread 0x000001cacba99000 Uncommon trap: reason=unstable_if action=reinterpret pc=0x000001cadd32c73c method=java.util.LinkedHashMap.get(Ljava/lang/Object;)Ljava/lang/Object; @ 20 c2
Event: 3.586 Thread 0x000001cacba99000 Uncommon trap: reason=intrinsic_or_type_checked_inlining action=make_not_entrant pc=0x000001cadd32b588 method=java.util.Arrays.copyOf([Ljava/lang/Object;ILjava/lang/Class;)[Ljava/lang/Object; @ 35 c2
Event: 3.880 Thread 0x000001cacba99000 Uncommon trap: reason=unstable_if action=reinterpret pc=0x000001cadd2608cc method=java.lang.String.replace(CC)Ljava/lang/String; @ 2 c2
Event: 3.887 Thread 0x000001caf05df800 Uncommon trap: reason=bimorphic_or_optimized_type_check action=maybe_recompile pc=0x000001cadd2ce170 method=java.net.URL.<init>(Ljava/net/URL;Ljava/lang/String;Ljava/net/URLStreamHandler;)V @ 504 c2
Event: 4.162 Thread 0x000001caee859000 Uncommon trap: reason=null_check action=make_not_entrant pc=0x000001cadd32ccbc method=java.util.Locale.equals(Ljava/lang/Object;)Z @ 8 c2
Event: 4.473 Thread 0x000001cacba99000 Uncommon trap: reason=unstable_if action=reinterpret pc=0x000001cadd34b0d0 method=jdk.internal.org.objectweb.asm.Type.getArgumentsAndReturnSizes(Ljava/lang/String;)I @ 47 c2
Event: 4.521 Thread 0x000001cacba99000 Uncommon trap: reason=unstable_if action=reinterpret pc=0x000001cadd2b8220 method=java.lang.CharacterDataLatin1.isWhitespace(I)Z @ 14 c2
Event: 4.526 Thread 0x000001cacba99000 Uncommon trap: reason=unstable_if action=reinterpret pc=0x000001cadd2c6ca8 method=jdk.internal.org.objectweb.asm.Item.isEqualTo(Ljdk/internal/org/objectweb/asm/Item;)Z @ 331 c2
Event: 6.265 Thread 0x000001cacba99000 Uncommon trap: reason=unstable_if action=reinterpret pc=0x000001cadd3319fc method=java.lang.String.getChars(II[CI)V @ 23 c2
Event: 6.266 Thread 0x000001cacba99000 Uncommon trap: reason=unstable_if action=reinterpret pc=0x000001cadd2be878 method=java.util.Objects.equals(Ljava/lang/Object;Ljava/lang/Object;)Z @ 6 c2

Classes redefined (0 events):
No events

Internal exceptions (10 events):
Event: 4.420 Thread 0x000001caf0bc5800 Exception <a 'java/net/SocketTimeoutException'{0x000000076dcfe798}: connect timed out> (0x000000076dcfe798) thrown at [./open/src/hotspot/share/prims/jni.cpp, line 632]
Event: 4.472 Thread 0x000001cacba99000 Exception <a 'java/lang/NoSuchMethodError'{0x000000076da921b0}: java.lang.invoke.DirectMethodHandle$Holder.invokeVirtual(Ljava/lang/Object;Ljava/lang/Object;)D> (0x000000076da921b0) thrown at [./open/src/hotspot/share/interpreter/linkResolver.cpp, line 77
Event: 4.473 Thread 0x000001cacba99000 Exception <a 'java/lang/NoSuchMethodError'{0x000000076da97fa0}: java.lang.invoke.DirectMethodHandle$Holder.invokeVirtual(Ljava/lang/Object;Ljava/lang/Object;)F> (0x000000076da97fa0) thrown at [./open/src/hotspot/share/interpreter/linkResolver.cpp, line 77
Event: 4.473 Thread 0x000001cacba99000 Exception <a 'java/lang/NoSuchMethodError'{0x000000076daa06e0}: java.lang.invoke.DirectMethodHandle$Holder.invokeVirtual(Ljava/lang/Object;Ljava/lang/Object;)J> (0x000000076daa06e0) thrown at [./open/src/hotspot/share/interpreter/linkResolver.cpp, line 77
Event: 4.504 Thread 0x000001cacba99000 Exception <a 'java/lang/NoSuchMethodError'{0x000000076d80e7f0}: java.lang.invoke.DirectMethodHandle$Holder.invokeStatic(Ljava/lang/Object;Ljava/lang/Object;I)V> (0x000000076d80e7f0) thrown at [./open/src/hotspot/share/interpreter/linkResolver.cpp, line 77
Event: 4.540 Thread 0x000001cacba99000 Exception <a 'java/lang/NoSuchMethodError'{0x000000076d768628}: java.lang.invoke.DirectMethodHandle$Holder.invokeSpecialIFC(Ljava/lang/Object;Ljava/lang/Object;Ljava/lang/Object;)I> (0x000000076d768628) thrown at [./open/src/hotspot/share/interpreter/link
Event: 4.619 Thread 0x000001cacba99000 Exception <a 'java/lang/NoSuchMethodError'{0x000000076d0d6f08}: java.lang.invoke.DirectMethodHandle$Holder.invokeSpecial(Ljava/lang/Object;Ljava/lang/Object;Ljava/lang/Object;Ljava/lang/Object;Ljava/lang/Object;Ljava/lang/Object;)V> (0x000000076d0d6f08) t
Event: 6.155 Thread 0x000001cacba99000 Exception <a 'java/lang/NoSuchMethodError'{0x000000076bb15328}: java.lang.invoke.DirectMethodHandle$Holder.invokeSpecialIFC(Ljava/lang/Object;Ljava/lang/Object;Ljava/lang/Object;)Ljava/lang/Object;> (0x000000076bb15328) thrown at [./open/src/hotspot/share
Event: 6.182 Thread 0x000001cacba99000 Exception <a 'java/lang/ClassNotFoundException'{0x000000076bbf11a0}: sun/util/logging/resources/spi/loggingProvider> (0x000000076bbf11a0) thrown at [./open/src/hotspot/share/classfile/systemDictionary.cpp, line 228]
Event: 6.231 Thread 0x000001cacba99000 Exception <a 'java/lang/reflect/InvocationTargetException'{0x000000076b874e78}> (0x000000076b874e78) thrown at [./open/src/hotspot/share/runtime/reflection.cpp, line 1242]

Events (10 events):
Event: 6.272 loading class io/cucumber/junit/SkippedThrowable$NotificationLevel
Event: 6.272 loading class io/cucumber/junit/SkippedThrowable$NotificationLevel done
Event: 6.282 loading class net/thucydides/core/steps/CurrentTestResult
Event: 6.282 loading class net/thucydides/core/steps/CurrentTestResult done
Event: 6.282 loading class net/thucydides/core/model/TestResult
Event: 6.282 loading class net/thucydides/core/model/TestResult done
Event: 6.282 loading class net/thucydides/core/model/TestStep
Event: 6.282 loading class net/thucydides/core/model/TestStep done
Event: 6.282 loading class net/thucydides/core/steps/BaseStepListener
Event: 6.282 loading class net/thucydides/core/steps/BaseStepListener done


Dynamic libraries:
0x00007ff70f6e0000 - 0x00007ff70f6ef000 	C:\Program Files\Java\jdk-11.0.12\bin\java.exe
0x00007ffdf5e10000 - 0x00007ffdf6024000 	C:\WINDOWS\SYSTEM32\ntdll.dll
0x00007ffdf3c20000 - 0x00007ffdf3ce2000 	C:\WINDOWS\System32\KERNEL32.DLL
0x00007ffdf35d0000 - 0x00007ffdf396c000 	C:\WINDOWS\System32\KERNELBASE.dll
0x00007ffdf3280000 - 0x00007ffdf3391000 	C:\WINDOWS\System32\ucrtbase.dll
0x00007ffdee650000 - 0x00007ffdee668000 	C:\Program Files\Java\jdk-11.0.12\bin\jli.dll
0x00007ffded7c0000 - 0x00007ffded7d5000 	C:\Program Files\Java\jdk-11.0.12\bin\VCRUNTIME140.dll
0x00007ffdf56c0000 - 0x00007ffdf576e000 	C:\WINDOWS\System32\ADVAPI32.dll
0x00007ffdf4c10000 - 0x00007ffdf4cb7000 	C:\WINDOWS\System32\msvcrt.dll
0x00007ffdf55d0000 - 0x00007ffdf5674000 	C:\WINDOWS\System32\sechost.dll
0x00007ffdf4550000 - 0x00007ffdf4665000 	C:\WINDOWS\System32\RPCRT4.dll
0x00007ffdf4fa0000 - 0x00007ffdf514b000 	C:\WINDOWS\System32\USER32.dll
0x00007ffddf160000 - 0x00007ffddf3ee000 	C:\WINDOWS\WinSxS\amd64_microsoft.windows.common-controls_6595b64144ccf1df_6.0.22621.317_none_a9434687c10c9fa2\COMCTL32.dll
0x00007ffdf3250000 - 0x00007ffdf3276000 	C:\WINDOWS\System32\win32u.dll
0x00007ffdf5680000 - 0x00007ffdf56a9000 	C:\WINDOWS\System32\GDI32.dll
0x00007ffdf34b0000 - 0x00007ffdf35c2000 	C:\WINDOWS\System32\gdi32full.dll
0x00007ffdf33a0000 - 0x00007ffdf343a000 	C:\WINDOWS\System32\msvcp_win.dll
0x00007ffdecd10000 - 0x00007ffdecd1a000 	C:\WINDOWS\SYSTEM32\VERSION.dll
0x00007ffdf5d90000 - 0x00007ffdf5dc1000 	C:\WINDOWS\System32\IMM32.DLL
0x00007ffde4300000 - 0x00007ffde439b000 	C:\Program Files\Java\jdk-11.0.12\bin\msvcp140.dll
0x00007ffdb67d0000 - 0x00007ffdb72cf000 	C:\Program Files\Java\jdk-11.0.12\bin\server\jvm.dll
0x00007ffdf46e0000 - 0x00007ffdf46e8000 	C:\WINDOWS\System32\PSAPI.DLL
0x00007ffdcf530000 - 0x00007ffdcf539000 	C:\WINDOWS\SYSTEM32\WSOCK32.dll
0x00007ffdecdd0000 - 0x00007ffdece04000 	C:\WINDOWS\SYSTEM32\WINMM.dll
0x00007ffdf4e20000 - 0x00007ffdf4e91000 	C:\WINDOWS\System32\WS2_32.dll
0x00007ffdf22d0000 - 0x00007ffdf22e8000 	C:\WINDOWS\SYSTEM32\kernel.appcore.dll
0x00007ffdf00e0000 - 0x00007ffdf00f0000 	C:\Program Files\Java\jdk-11.0.12\bin\verify.dll
0x00007ffdf0f20000 - 0x00007ffdf114e000 	C:\WINDOWS\SYSTEM32\DBGHELP.DLL
0x00007ffdf5800000 - 0x00007ffdf5b89000 	C:\WINDOWS\System32\combase.dll
0x00007ffdf4d20000 - 0x00007ffdf4df7000 	C:\WINDOWS\System32\OLEAUT32.dll
0x00007ffdda140000 - 0x00007ffdda172000 	C:\WINDOWS\SYSTEM32\dbgcore.DLL
0x00007ffdf3970000 - 0x00007ffdf39eb000 	C:\WINDOWS\System32\bcryptPrimitives.dll
0x00007ffde4a00000 - 0x00007ffde4a28000 	C:\Program Files\Java\jdk-11.0.12\bin\java.dll
0x00007ffdec510000 - 0x00007ffdec51a000 	C:\Program Files\Java\jdk-11.0.12\bin\jimage.dll
0x00007ffde5070000 - 0x00007ffde5086000 	C:\Program Files\Java\jdk-11.0.12\bin\zip.dll
0x00007ffdf3cf0000 - 0x00007ffdf44cb000 	C:\WINDOWS\System32\SHELL32.dll
0x00007ffdf12b0000 - 0x00007ffdf1b65000 	C:\WINDOWS\SYSTEM32\windows.storage.dll
0x00007ffdf1170000 - 0x00007ffdf12ad000 	C:\WINDOWS\SYSTEM32\wintypes.dll
0x00007ffdf4ea0000 - 0x00007ffdf4f91000 	C:\WINDOWS\System32\SHCORE.dll
0x00007ffdf5d30000 - 0x00007ffdf5d8e000 	C:\WINDOWS\System32\shlwapi.dll
0x00007ffdf3180000 - 0x00007ffdf31a1000 	C:\WINDOWS\SYSTEM32\profapi.dll
0x00007ffde4f40000 - 0x00007ffde4f59000 	C:\Program Files\Java\jdk-11.0.12\bin\net.dll
0x00007ffdeb650000 - 0x00007ffdeb77f000 	C:\WINDOWS\SYSTEM32\WINHTTP.dll
0x00007ffdf2730000 - 0x00007ffdf2799000 	C:\WINDOWS\system32\mswsock.dll
0x00007ffde4c70000 - 0x00007ffde4c82000 	C:\Program Files\Java\jdk-11.0.12\bin\nio.dll
0x00007ffde8070000 - 0x00007ffde8079000 	C:\Program Files\Java\jdk-11.0.12\bin\management.dll
0x00007ffde53f0000 - 0x00007ffde53fb000 	C:\Program Files\Java\jdk-11.0.12\bin\management_ext.dll
0x00007ffdf2980000 - 0x00007ffdf299b000 	C:\WINDOWS\SYSTEM32\CRYPTSP.dll
0x00007ffdf2240000 - 0x00007ffdf2275000 	C:\WINDOWS\system32\rsaenh.dll
0x00007ffdf2820000 - 0x00007ffdf2848000 	C:\WINDOWS\SYSTEM32\USERENV.dll
0x00007ffdf2b30000 - 0x00007ffdf2b58000 	C:\WINDOWS\SYSTEM32\bcrypt.dll
0x00007ffdf2970000 - 0x00007ffdf297c000 	C:\WINDOWS\SYSTEM32\CRYPTBASE.dll
0x00007ffdf1dc0000 - 0x00007ffdf1ded000 	C:\WINDOWS\SYSTEM32\IPHLPAPI.DLL
0x00007ffdf4c00000 - 0x00007ffdf4c09000 	C:\WINDOWS\System32\NSI.dll
0x00007ffdeb630000 - 0x00007ffdeb649000 	C:\WINDOWS\SYSTEM32\dhcpcsvc6.DLL
0x00007ffdeb610000 - 0x00007ffdeb62f000 	C:\WINDOWS\SYSTEM32\dhcpcsvc.DLL
0x00007ffdf1e30000 - 0x00007ffdf1f22000 	C:\WINDOWS\SYSTEM32\DNSAPI.dll
0x00007ffde49d0000 - 0x00007ffde49f5000 	C:\Program Files\Java\jdk-11.0.12\bin\sunec.dll
0x00007ffde1550000 - 0x00007ffde155a000 	C:\Windows\System32\rasadhlp.dll
0x00007ffde9df0000 - 0x00007ffde9e73000 	C:\WINDOWS\System32\fwpuclnt.dll
0x00007ffdd14f0000 - 0x00007ffdd1507000 	C:\WINDOWS\system32\napinsp.dll
0x00007ffdd10f0000 - 0x00007ffdd110b000 	C:\WINDOWS\system32\pnrpnsp.dll
0x00007ffdd10d0000 - 0x00007ffdd10e1000 	C:\WINDOWS\System32\winrnr.dll
0x00007ffdd1040000 - 0x00007ffdd1055000 	C:\WINDOWS\system32\wshbth.dll
0x00007ffdd1010000 - 0x00007ffdd1031000 	C:\WINDOWS\system32\nlansp_c.dll

dbghelp: loaded successfully - version: 4.0.5 - missing functions: none
symbol engine: initialized successfully - sym options: 0x614 - pdb path: .;C:\Program Files\Java\jdk-11.0.12\bin;C:\WINDOWS\SYSTEM32;C:\WINDOWS\WinSxS\amd64_microsoft.windows.common-controls_6595b64144ccf1df_6.0.22621.317_none_a9434687c10c9fa2;C:\Program Files\Java\jdk-11.0.12\bin\server

VM Arguments:
java_command: C:\Users\User\AppData\Local\Temp\surefire10152305975432991531\surefirebooter6314638904452237644.jar C:\Users\User\AppData\Local\Temp\surefire10152305975432991531 2022-10-16T13-22-41_479-jvmRun1 surefire18184058551582296502tmp surefire_016812157123157070676tmp
java_class_path (initial): C:\Users\User\AppData\Local\Temp\surefire10152305975432991531\surefirebooter6314638904452237644.jar
Launcher Type: SUN_STANDARD

[Global flags]
     intx CICompilerCount                          = 4                                         {product} {ergonomic}
     uint ConcGCThreads                            = 2                                         {product} {ergonomic}
     uint G1ConcRefinementThreads                  = 8                                         {product} {ergonomic}
   size_t G1HeapRegionSize                         = 1048576                                   {product} {ergonomic}
    uintx GCDrainStackTargetSize                   = 64                                        {product} {ergonomic}
   size_t InitialHeapSize                          = 167772160                                 {product} {ergonomic}
   size_t MarkStackSize                            = 4194304                                   {product} {ergonomic}
   size_t MaxHeapSize                              = 2652897280                                {product} {ergonomic}
   size_t MaxNewSize                               = 1591738368                                {product} {ergonomic}
   size_t MinHeapDeltaBytes                        = 1048576                                   {product} {ergonomic}
    uintx NonNMethodCodeHeapSize                   = 5836300                                {pd product} {ergonomic}
    uintx NonProfiledCodeHeapSize                  = 122910970                              {pd product} {ergonomic}
    uintx ProfiledCodeHeapSize                     = 122910970                              {pd product} {ergonomic}
    uintx ReservedCodeCacheSize                    = 251658240                              {pd product} {ergonomic}
     bool SegmentedCodeCache                       = true                                      {product} {ergonomic}
     bool UseCompressedClassPointers               = true                                 {lp64_product} {ergonomic}
     bool UseCompressedOops                        = true                                 {lp64_product} {ergonomic}
     bool UseG1GC                                  = true                                      {product} {ergonomic}
     bool UseLargePagesIndividualAllocation        = false                                  {pd product} {ergonomic}

Logging:
Log output configuration:
 #0: stdout all=warning uptime,level,tags
 #1: stderr all=off uptime,level,tags

Environment Variables:
JAVA_HOME=C:\Program Files\Java\jdk-11.0.12
PATH=C:\Program Files\Common Files\Oracle\Java\javapath;C:\Program Files (x86)\Common Files\Oracle\Java\javapath;C:\WINDOWS\system32;C:\WINDOWS;C:\WINDOWS\System32\Wbem;C:\WINDOWS\System32\WindowsPowerShell\v1.0\;C:\WINDOWS\System32\OpenSSH\;C:\apache-maven-3.8.3-bin\apache-maven-3.8.3\bin;C:\Program Files\Java\jdk-11.0.12\bin;C:\Users\User\AppData\Local\Microsoft\WindowsApps;C:\Users\User\AppData\Local\Programs\Microsoft VS Code\bin;C:\Users\User\AppData\Local\Google\Cloud SDK\google-cloud-sdk\bin;C:\Program Files (x86)\Common Files\Oracle\javapath;C:\Users\User\AppData\Local\GitHubDesktop\bin;C:\adb;C:\Program Files\Android\platform-tools;C:\Program Files\Android\platforms;C:\Program Files\Android\build-tools;C:\WINDOWS\system32;C:\WINDOWS;C:\WINDOWS\System32\Wbem;C:\WINDOWS\System32\WindowsPowerShell\v1.0\;C:\WINDOWS\System32\OpenSSH\;C:\Program Files\Git\cmd;C:\Users\User\AppData\Local\Microsoft\WindowsApps;C:\Users\User\AppData\Local\Programs\Microsoft VS Code\bin;C:\Users\User\AppData\Local\Google\Cloud SDK\google-cloud-sdk\bin;C:\Program Files\Java\jdk-11.0.12\bin;C:\Program Files (x86)\Common Files\Oracle\javapath;C:\Users\User\AppData\Local\GitHubDesktop\bin;
USERNAME=User
OS=Windows_NT
PROCESSOR_IDENTIFIER=AMD64 Family 23 Model 24 Stepping 1, AuthenticAMD



---------------  S Y S T E M  ---------------

OS: Windows 10 , 64 bit Build 22621 (10.0.22621.457)

CPU:total 8 (initial active 8) (8 cores per cpu, 2 threads per core) family 23 model 24 stepping 1 microcode 0x0, cmov, cx8, fxsr, mmx, sse, sse2, sse3, ssse3, sse4.1, sse4.2, popcnt, avx, avx2, aes, clmul, mmxext, 3dnowpref, lzcnt, sse4a, ht, tsc, tscinvbit, tscinv, bmi1, bmi2, adx, s

Memory: 4k page, system-wide physical 10116M (455M free)
TotalPageFile size 40836M (AvailPageFile size 5M)
current process WorkingSet (physical memory assigned to process): 243M, peak: 244M
current process commit charge ("private bytes"): 357M, peak: 374M

vm_info: Java HotSpot(TM) 64-Bit Server VM (11.0.12+8-LTS-237) for windows-amd64 JRE (11.0.12+8-LTS-237), built on Jun  8 2021 11:25:59 by "mach5one" with MS VC++ 15.9 (VS2017)

END.
