#
# There is insufficient memory for the Java Runtime Environment to continue.
# Native memory allocation (malloc) failed to allocate 1048576 bytes for AllocateHeap
# Possible reasons:
#   The system is out of physical RAM or swap space
#   The process is running with CompressedOops enabled, and the Java Heap may be blocking the growth of the native heap
# Possible solutions:
#   Reduce memory load on the system
#   Increase physical memory or swap space
#   Check if swap backing store is full
#   Decrease Java heap size (-Xmx/-Xms)
#   Decrease number of Java threads
#   Decrease Java thread stack sizes (-Xss)
#   Set larger code cache with -XX:ReservedCodeCacheSize=
#   JVM is running with Zero Based Compressed Oops mode in which the Java heap is
#     placed in the first 32GB address space. The Java Heap base address is the
#     maximum limit for the native heap growth. Please use -XX:HeapBaseMinAddress
#     to set the Java Heap base and to place the Java Heap above 32GB virtual address.
# This output file may be truncated or incomplete.
#
#  Out of Memory Error (./open/src/hotspot/share/memory/allocation.cpp:46), pid=22700, tid=31436
#
# JRE version: Java(TM) SE Runtime Environment 18.9 (11.0.12+8) (build 11.0.12+8-LTS-237)
# Java VM: Java HotSpot(TM) 64-Bit Server VM 18.9 (11.0.12+8-LTS-237, mixed mode, tiered, compressed oops, g1 gc, windows-amd64)
# No core dump will be written. Minidumps are not enabled by default on client versions of Windows
#

---------------  S U M M A R Y ------------

Command Line: C:\Users\User\AppData\Local\Temp\surefire10899422721710282494\surefirebooter8539364979265467387.jar C:\Users\User\AppData\Local\Temp\surefire10899422721710282494 2022-10-16T13-35-26_158-jvmRun1 surefire4586253351646148602tmp surefire_0606115986920804607tmp

Host: AMD Ryzen 5 3500U with Radeon Vega Mobile Gfx  , 8 cores, 9G,  Windows 10 , 64 bit Build 22621 (10.0.22621.457)
Time: Sun Oct 16 13:35:33 2022 Hora est. Pacífico, Sudamérica elapsed time: 6.841528 seconds (0d 0h 0m 6s)

---------------  T H R E A D  ---------------

Current thread (0x0000023fff631800):  VMThread "VM Thread" [stack: 0x000000e9fe300000,0x000000e9fe400000] [id=31436]

Stack: [0x000000e9fe300000,0x000000e9fe400000]
[error occurred during error reporting (printing stack bounds), id 0xc0000005, EXCEPTION_ACCESS_VIOLATION (0xc0000005) at pc=0x0000023fe7a70f2d]

Native frames: (J=compiled Java code, j=interpreted, Vv=VM code, C=native code)
V  [jvm.dll+0x617d9a]
V  [jvm.dll+0x74eeef]
V  [jvm.dll+0x750599]
V  [jvm.dll+0x750b85]
V  [jvm.dll+0x750b3b]
V  [jvm.dll+0x6175d3]
V  [jvm.dll+0x617998]
C  [ntdll.dll+0xa3e1f]
C  [ntdll.dll+0x1eae6]
C  [ntdll.dll+0xa2e0e]
C  0x0000023fe7a70f2d

VM_Operation (0x000000e9fddfc610): CollectForMetadataAllocation, mode: safepoint, requested by thread 0x0000023fdf5b5800


---------------  P R O C E S S  ---------------

Threads class SMR info:
_java_thread_list=0x0000023f8544b3a0, length=26, elements={
0x0000023fdf5b5800, 0x0000023fff635000, 0x0000023fff636000, 0x0000023f8006b800,
0x0000023f8006c800, 0x0000023f8006e000, 0x0000023f8006f800, 0x0000023f80019800,
0x0000023f80079000, 0x0000023f801d7000, 0x0000023f802c2800, 0x0000023f80324800,
0x0000023f81d40800, 0x0000023f81dc7000, 0x0000023f8123a800, 0x0000023f82813800,
0x0000023f81cd3800, 0x0000023f81a0a000, 0x0000023f825e3800, 0x0000023f82baa000,
0x0000023f82f63800, 0x0000023f82f64800, 0x0000023f82f65800, 0x0000023f82f66000,
0x0000023f82f62000, 0x0000023f82f67000
}

Java Threads: ( => current thread )
  0x0000023fdf5b5800 JavaThread "main" [_thread_blocked, id=33716, stack(0x000000e9fdd00000,0x000000e9fde00000)]
  0x0000023fff635000 JavaThread "Reference Handler" daemon [_thread_blocked, id=29156, stack(0x000000e9fe400000,0x000000e9fe500000)]
  0x0000023fff636000 JavaThread "Finalizer" daemon [_thread_blocked, id=33392, stack(0x000000e9fe500000,0x000000e9fe600000)]
  0x0000023f8006b800 JavaThread "Signal Dispatcher" daemon [_thread_blocked, id=2620, stack(0x000000e9fe600000,0x000000e9fe700000)]
  0x0000023f8006c800 JavaThread "Attach Listener" daemon [_thread_blocked, id=14672, stack(0x000000e9fe700000,0x000000e9fe800000)]
  0x0000023f8006e000 JavaThread "Service Thread" daemon [_thread_blocked, id=30084, stack(0x000000e9fe800000,0x000000e9fe900000)]
  0x0000023f8006f800 JavaThread "C2 CompilerThread0" daemon [_thread_blocked, id=36680, stack(0x000000e9fe900000,0x000000e9fea00000)]
  0x0000023f80019800 JavaThread "C1 CompilerThread0" daemon [_thread_blocked, id=31816, stack(0x000000e9fea00000,0x000000e9feb00000)]
  0x0000023f80079000 JavaThread "Sweeper thread" daemon [_thread_blocked, id=26948, stack(0x000000e9feb00000,0x000000e9fec00000)]
  0x0000023f801d7000 JavaThread "Common-Cleaner" daemon [_thread_blocked, id=10812, stack(0x000000e9fed00000,0x000000e9fee00000)]
  0x0000023f802c2800 JavaThread "surefire-forkedjvm-command-thread" daemon [_thread_in_native, id=15520, stack(0x000000e9fee00000,0x000000e9fef00000)]
  0x0000023f80324800 JavaThread "surefire-forkedjvm-ping-30s" daemon [_thread_blocked, id=13860, stack(0x000000e9fef00000,0x000000e9ff000000)]
  0x0000023f81d40800 JavaThread "ForkJoinPool.commonPool-worker-3" daemon [_thread_blocked, id=13288, stack(0x000000e9ff300000,0x000000e9ff400000)]
  0x0000023f81dc7000 JavaThread "ForkJoinPool.commonPool-worker-5" daemon [_thread_blocked, id=12900, stack(0x000000e9ff400000,0x000000e9ff500000)]
  0x0000023f8123a800 JavaThread "ForkJoinPool.commonPool-worker-7" daemon [_thread_blocked, id=36368, stack(0x000000e9ff500000,0x000000e9ff600000)]
  0x0000023f82813800 JavaThread "ForkJoinPool.commonPool-worker-9" daemon [_thread_blocked, id=12388, stack(0x000000e9ff600000,0x000000e9ff700000)]
  0x0000023f81cd3800 JavaThread "AsyncHttpClient-1-1" daemon [_thread_blocked, id=26508, stack(0x000000e9ff700000,0x000000e9ff800000)]
  0x0000023f81a0a000 JavaThread "Exec Default Executor" daemon [_thread_in_native, id=42232, stack(0x000000e9ff800000,0x000000e9ff900000)]
  0x0000023f825e3800 JavaThread "Driver Service Executor" daemon [_thread_blocked, id=10556, stack(0x000000e9ff900000,0x000000e9ffa00000)]
  0x0000023f82baa000 JavaThread "Driver Service Executor" daemon [_thread_blocked, id=40964, stack(0x000000e9ffa00000,0x000000e9ffb00000)]
  0x0000023f82f63800 JavaThread "UrlChecker-2" daemon [_thread_blocked, id=17416, stack(0x000000e9ffb00000,0x000000e9ffc00000)]
  0x0000023f82f64800 JavaThread "Exec Stream Pumper" daemon [_thread_in_native, id=16172, stack(0x000000e9ffc00000,0x000000e9ffd00000)]
  0x0000023f82f65800 JavaThread "Exec Stream Pumper" daemon [_thread_in_native, id=15916, stack(0x000000e9ffd00000,0x000000e9ffe00000)]
  0x0000023f82f66000 JavaThread "Keep-Alive-Timer" daemon [_thread_blocked, id=30380, stack(0x000000e9fff00000,0x000000ea00000000)]
  0x0000023f82f62000 JavaThread "AsyncHttpClient-1-2" daemon [_thread_in_native, id=4604, stack(0x000000e980000000,0x000000e980100000)]
  0x0000023f82f67000 JavaThread "AsyncHttpClient-1-3" daemon [_thread_in_native, id=8920, stack(0x000000e980100000,0x000000e980200000)]

Other Threads:
=>0x0000023fff631800 VMThread "VM Thread" [stack: 0x000000e9fe300000,0x000000e9fe400000] [id=31436]
  0x0000023f801d6000 WatcherThread [stack: 0x000000e9fec00000,0x000000e9fed00000] [id=9116]
  0x0000023fdf5ca800 GCTaskThread "GC Thread#0" [stack: 0x000000e9fde00000,0x000000e9fdf00000] [id=30000]
  0x0000023f8063e000 GCTaskThread "GC Thread#1" [stack: 0x000000e9ff000000,0x000000e9ff100000] [id=13020]
  0x0000023f803c1800 GCTaskThread "GC Thread#2" [stack: 0x000000e9ff100000,0x000000e9ff200000] [id=10428]
  0x0000023f8093a000 GCTaskThread "GC Thread#3" [stack: 0x000000e980200000,0x000000e980300000] [id=28804]
  0x0000023fdf606000 ConcurrentGCThread "G1 Main Marker" [stack: 0x000000e9fdf00000,0x000000e9fe000000] [id=21144]
  0x0000023fdf608000 ConcurrentGCThread "G1 Conc#0" [stack: 0x000000e9fe000000,0x000000e9fe100000] [id=41440]
  0x0000023f8123b800 ConcurrentGCThread "G1 Conc#1" [stack: 0x000000e9ff200000,0x000000e9ff300000] [id=12000]
  0x0000023fdf68e800 ConcurrentGCThread "G1 Refine#0" [stack: 0x000000e9fe100000,0x000000e9fe200000] [id=29640]
  0x0000023fff49d000 ConcurrentGCThread "G1 Young RemSet Sampling" [stack: 0x000000e9fe200000,0x000000e9fe300000] [id=18240]

Threads with active compile tasks:
C2 CompilerThread0   6853 2965   !   4       java.util.WeakHashMap::expungeStaleEntries (139 bytes)

VM state:at safepoint (normal execution)

VM Mutex/Monitor currently owned by a thread:  ([mutex/lock_event])
[0x0000023fdf5b0de0] Threads_lock - owner thread: 0x0000023fff631800
[0x0000023fdf5b0a80] Heap_lock - owner thread: 0x0000023fdf5b5800

Heap address: 0x0000000761e00000, size: 2530 MB, Compressed Oops mode: Zero based, Oop shift amount: 3
Narrow klass base: 0x0000000800000000, Narrow klass shift: 0
Compressed class space size: 1073741824 Address: 0x0000000800000000

Heap:
 garbage-first heap   total 196608K, used 26497K [0x0000000761e00000, 0x0000000800000000)
  region size 1024K, 7 young (7168K), 7 survivors (7168K)
 Metaspace       used 39178K, capacity 40250K, committed 40368K, reserved 1085440K
  class space    used 4685K, capacity 5120K, committed 5120K, reserved 1048576K
Heap Regions: E=young(eden), S=young(survivor), O=old, HS=humongous(starts), HC=humongous(continues), CS=collection set, F=free, A=archive, TAMS=top-at-mark-start (previous, next)
|   0|0x0000000761e00000, 0x0000000761f00000, 0x0000000761f00000|100%| O|  |TAMS 0x0000000761f00000, 0x0000000761f00000| Untracked 
|   1|0x0000000761f00000, 0x0000000762000000, 0x0000000762000000|100%| O|  |TAMS 0x0000000762000000, 0x0000000762000000| Untracked 
|   2|0x0000000762000000, 0x0000000762100000, 0x0000000762100000|100%| O|  |TAMS 0x0000000762100000, 0x0000000762100000| Untracked 
|   3|0x0000000762100000, 0x0000000762200000, 0x0000000762200000|100%| O|  |TAMS 0x0000000762200000, 0x0000000762200000| Untracked 
|   4|0x0000000762200000, 0x0000000762300000, 0x0000000762300000|100%| O|  |TAMS 0x0000000762300000, 0x0000000762300000| Untracked 
|   5|0x0000000762300000, 0x0000000762400000, 0x0000000762400000|100%| O|  |TAMS 0x0000000762400000, 0x0000000762400000| Untracked 
|   6|0x0000000762400000, 0x0000000762500000, 0x0000000762500000|100%| O|  |TAMS 0x0000000762500000, 0x0000000762500000| Untracked 
|   7|0x0000000762500000, 0x0000000762600000, 0x0000000762600000|100%| O|  |TAMS 0x0000000762600000, 0x0000000762600000| Untracked 
|   8|0x0000000762600000, 0x0000000762700000, 0x0000000762700000|100%| O|  |TAMS 0x0000000762700000, 0x0000000762700000| Untracked 
|   9|0x0000000762700000, 0x0000000762800000, 0x0000000762800000|100%| O|  |TAMS 0x0000000762800000, 0x0000000762800000| Untracked 
|  10|0x0000000762800000, 0x0000000762900000, 0x0000000762900000|100%| O|  |TAMS 0x0000000762900000, 0x0000000762900000| Untracked 
|  11|0x0000000762900000, 0x0000000762a00000, 0x0000000762a00000|100%| O|  |TAMS 0x0000000762a00000, 0x0000000762a00000| Untracked 
|  12|0x0000000762a00000, 0x0000000762b00000, 0x0000000762b00000|100%| O|  |TAMS 0x0000000762b00000, 0x0000000762b00000| Untracked 
|  13|0x0000000762b00000, 0x0000000762be0608, 0x0000000762c00000| 87%| O|  |TAMS 0x0000000762b22e00, 0x0000000762be0608| Untracked 
|  14|0x0000000762c00000, 0x0000000762d00000, 0x0000000762d00000|100%|HS|  |TAMS 0x0000000762c00000, 0x0000000762d00000| Complete 
|  15|0x0000000762d00000, 0x0000000762e00000, 0x0000000762e00000|100%|HC|  |TAMS 0x0000000762d00000, 0x0000000762e00000| Complete 
|  16|0x0000000762e00000, 0x0000000762f00000, 0x0000000762f00000|100%|HC|  |TAMS 0x0000000762e00000, 0x0000000762f00000| Complete 
|  17|0x0000000762f00000, 0x0000000763000000, 0x0000000763000000|100%|HC|  |TAMS 0x0000000762f00000, 0x0000000763000000| Complete 
|  18|0x0000000763000000, 0x0000000763100000, 0x0000000763100000|100%|HC|  |TAMS 0x0000000763000000, 0x0000000763100000| Complete 
|  19|0x0000000763100000, 0x0000000763100000, 0x0000000763200000|  0%| F|  |TAMS 0x0000000763100000, 0x0000000763100000| Untracked 
|  20|0x0000000763200000, 0x0000000763200000, 0x0000000763300000|  0%| F|  |TAMS 0x0000000763200000, 0x0000000763200000| Untracked 
|  21|0x0000000763300000, 0x0000000763300000, 0x0000000763400000|  0%| F|  |TAMS 0x0000000763300000, 0x0000000763300000| Untracked 
|  22|0x0000000763400000, 0x0000000763400000, 0x0000000763500000|  0%| F|  |TAMS 0x0000000763400000, 0x0000000763400000| Untracked 
|  23|0x0000000763500000, 0x0000000763500000, 0x0000000763600000|  0%| F|  |TAMS 0x0000000763500000, 0x0000000763500000| Untracked 
|  24|0x0000000763600000, 0x0000000763600000, 0x0000000763700000|  0%| F|  |TAMS 0x0000000763600000, 0x0000000763600000| Untracked 
|  25|0x0000000763700000, 0x0000000763700000, 0x0000000763800000|  0%| F|  |TAMS 0x0000000763700000, 0x0000000763700000| Untracked 
|  26|0x0000000763800000, 0x0000000763800000, 0x0000000763900000|  0%| F|  |TAMS 0x0000000763800000, 0x0000000763800000| Untracked 
|  27|0x0000000763900000, 0x0000000763900000, 0x0000000763a00000|  0%| F|  |TAMS 0x0000000763900000, 0x0000000763900000| Untracked 
|  28|0x0000000763a00000, 0x0000000763a00000, 0x0000000763b00000|  0%| F|  |TAMS 0x0000000763a00000, 0x0000000763a00000| Untracked 
|  29|0x0000000763b00000, 0x0000000763b00000, 0x0000000763c00000|  0%| F|  |TAMS 0x0000000763b00000, 0x0000000763b00000| Untracked 
|  30|0x0000000763c00000, 0x0000000763c00000, 0x0000000763d00000|  0%| F|  |TAMS 0x0000000763c00000, 0x0000000763c00000| Untracked 
|  31|0x0000000763d00000, 0x0000000763d00000, 0x0000000763e00000|  0%| F|  |TAMS 0x0000000763d00000, 0x0000000763d00000| Untracked 
|  32|0x0000000763e00000, 0x0000000763e00000, 0x0000000763f00000|  0%| F|  |TAMS 0x0000000763e00000, 0x0000000763e00000| Untracked 
|  33|0x0000000763f00000, 0x0000000763f00000, 0x0000000764000000|  0%| F|  |TAMS 0x0000000763f00000, 0x0000000763f00000| Untracked 
|  34|0x0000000764000000, 0x0000000764000000, 0x0000000764100000|  0%| F|  |TAMS 0x0000000764000000, 0x0000000764000000| Untracked 
|  35|0x0000000764100000, 0x0000000764100000, 0x0000000764200000|  0%| F|  |TAMS 0x0000000764100000, 0x0000000764100000| Untracked 
|  36|0x0000000764200000, 0x0000000764200000, 0x0000000764300000|  0%| F|  |TAMS 0x0000000764200000, 0x0000000764200000| Untracked 
|  37|0x0000000764300000, 0x0000000764300000, 0x0000000764400000|  0%| F|  |TAMS 0x0000000764300000, 0x0000000764300000| Untracked 
|  38|0x0000000764400000, 0x0000000764400000, 0x0000000764500000|  0%| F|  |TAMS 0x0000000764400000, 0x0000000764400000| Untracked 
|  39|0x0000000764500000, 0x0000000764500000, 0x0000000764600000|  0%| F|  |TAMS 0x0000000764500000, 0x0000000764500000| Untracked 
|  40|0x0000000764600000, 0x0000000764600000, 0x0000000764700000|  0%| F|  |TAMS 0x0000000764600000, 0x0000000764600000| Untracked 
|  41|0x0000000764700000, 0x0000000764700000, 0x0000000764800000|  0%| F|  |TAMS 0x0000000764700000, 0x0000000764700000| Untracked 
|  42|0x0000000764800000, 0x0000000764800000, 0x0000000764900000|  0%| F|  |TAMS 0x0000000764800000, 0x0000000764800000| Untracked 
|  43|0x0000000764900000, 0x0000000764900000, 0x0000000764a00000|  0%| F|  |TAMS 0x0000000764900000, 0x0000000764900000| Untracked 
|  44|0x0000000764a00000, 0x0000000764a00000, 0x0000000764b00000|  0%| F|  |TAMS 0x0000000764a00000, 0x0000000764a00000| Untracked 
|  45|0x0000000764b00000, 0x0000000764b00000, 0x0000000764c00000|  0%| F|  |TAMS 0x0000000764b00000, 0x0000000764b00000| Untracked 
|  46|0x0000000764c00000, 0x0000000764c00000, 0x0000000764d00000|  0%| F|  |TAMS 0x0000000764c00000, 0x0000000764c00000| Untracked 
|  47|0x0000000764d00000, 0x0000000764d00000, 0x0000000764e00000|  0%| F|  |TAMS 0x0000000764d00000, 0x0000000764d00000| Untracked 
|  48|0x0000000764e00000, 0x0000000764e00000, 0x0000000764f00000|  0%| F|  |TAMS 0x0000000764e00000, 0x0000000764e00000| Untracked 
|  49|0x0000000764f00000, 0x0000000764f00000, 0x0000000765000000|  0%| F|  |TAMS 0x0000000764f00000, 0x0000000764f00000| Untracked 
|  50|0x0000000765000000, 0x0000000765000000, 0x0000000765100000|  0%| F|  |TAMS 0x0000000765000000, 0x0000000765000000| Untracked 
|  51|0x0000000765100000, 0x0000000765100000, 0x0000000765200000|  0%| F|  |TAMS 0x0000000765100000, 0x0000000765100000| Untracked 
|  52|0x0000000765200000, 0x0000000765200000, 0x0000000765300000|  0%| F|  |TAMS 0x0000000765200000, 0x0000000765200000| Untracked 
|  53|0x0000000765300000, 0x0000000765300000, 0x0000000765400000|  0%| F|  |TAMS 0x0000000765300000, 0x0000000765300000| Untracked 
|  54|0x0000000765400000, 0x0000000765400000, 0x0000000765500000|  0%| F|  |TAMS 0x0000000765400000, 0x0000000765400000| Untracked 
|  55|0x0000000765500000, 0x0000000765500000, 0x0000000765600000|  0%| F|  |TAMS 0x0000000765500000, 0x0000000765500000| Untracked 
|  56|0x0000000765600000, 0x0000000765600000, 0x0000000765700000|  0%| F|  |TAMS 0x0000000765600000, 0x0000000765600000| Untracked 
|  57|0x0000000765700000, 0x0000000765700000, 0x0000000765800000|  0%| F|  |TAMS 0x0000000765700000, 0x0000000765700000| Untracked 
|  58|0x0000000765800000, 0x0000000765800000, 0x0000000765900000|  0%| F|  |TAMS 0x0000000765800000, 0x0000000765800000| Untracked 
|  59|0x0000000765900000, 0x0000000765900000, 0x0000000765a00000|  0%| F|  |TAMS 0x0000000765900000, 0x0000000765900000| Untracked 
|  60|0x0000000765a00000, 0x0000000765a00000, 0x0000000765b00000|  0%| F|  |TAMS 0x0000000765a00000, 0x0000000765a00000| Untracked 
|  61|0x0000000765b00000, 0x0000000765b00000, 0x0000000765c00000|  0%| F|  |TAMS 0x0000000765b00000, 0x0000000765b00000| Untracked 
|  62|0x0000000765c00000, 0x0000000765c00000, 0x0000000765d00000|  0%| F|  |TAMS 0x0000000765c00000, 0x0000000765c00000| Untracked 
|  63|0x0000000765d00000, 0x0000000765d00000, 0x0000000765e00000|  0%| F|  |TAMS 0x0000000765d00000, 0x0000000765d00000| Untracked 
|  64|0x0000000765e00000, 0x0000000765e00000, 0x0000000765f00000|  0%| F|  |TAMS 0x0000000765e00000, 0x0000000765e00000| Untracked 
|  65|0x0000000765f00000, 0x0000000765f00000, 0x0000000766000000|  0%| F|  |TAMS 0x0000000765f00000, 0x0000000765f00000| Untracked 
|  66|0x0000000766000000, 0x0000000766000000, 0x0000000766100000|  0%| F|  |TAMS 0x0000000766000000, 0x0000000766000000| Untracked 
|  67|0x0000000766100000, 0x0000000766100000, 0x0000000766200000|  0%| F|  |TAMS 0x0000000766100000, 0x0000000766100000| Untracked 
|  68|0x0000000766200000, 0x0000000766200000, 0x0000000766300000|  0%| F|  |TAMS 0x0000000766200000, 0x0000000766200000| Untracked 
|  69|0x0000000766300000, 0x0000000766300000, 0x0000000766400000|  0%| F|  |TAMS 0x0000000766300000, 0x0000000766300000| Untracked 
|  70|0x0000000766400000, 0x0000000766400000, 0x0000000766500000|  0%| F|  |TAMS 0x0000000766400000, 0x0000000766400000| Untracked 
|  71|0x0000000766500000, 0x0000000766500000, 0x0000000766600000|  0%| F|  |TAMS 0x0000000766500000, 0x0000000766500000| Untracked 
|  72|0x0000000766600000, 0x0000000766600000, 0x0000000766700000|  0%| F|  |TAMS 0x0000000766600000, 0x0000000766600000| Untracked 
|  73|0x0000000766700000, 0x0000000766700000, 0x0000000766800000|  0%| F|  |TAMS 0x0000000766700000, 0x0000000766700000| Untracked 
|  74|0x0000000766800000, 0x0000000766800000, 0x0000000766900000|  0%| F|  |TAMS 0x0000000766800000, 0x0000000766800000| Untracked 
|  75|0x0000000766900000, 0x0000000766900000, 0x0000000766a00000|  0%| F|  |TAMS 0x0000000766900000, 0x0000000766900000| Untracked 
|  76|0x0000000766a00000, 0x0000000766a00000, 0x0000000766b00000|  0%| F|  |TAMS 0x0000000766a00000, 0x0000000766a00000| Untracked 
|  77|0x0000000766b00000, 0x0000000766b00000, 0x0000000766c00000|  0%| F|  |TAMS 0x0000000766b00000, 0x0000000766b00000| Untracked 
|  78|0x0000000766c00000, 0x0000000766c00000, 0x0000000766d00000|  0%| F|  |TAMS 0x0000000766c00000, 0x0000000766c00000| Untracked 
|  79|0x0000000766d00000, 0x0000000766d00000, 0x0000000766e00000|  0%| F|  |TAMS 0x0000000766d00000, 0x0000000766d00000| Untracked 
|  80|0x0000000766e00000, 0x0000000766e00000, 0x0000000766f00000|  0%| F|  |TAMS 0x0000000766e00000, 0x0000000766e00000| Untracked 
|  81|0x0000000766f00000, 0x0000000766f00000, 0x0000000767000000|  0%| F|  |TAMS 0x0000000766f00000, 0x0000000766f00000| Untracked 
|  82|0x0000000767000000, 0x0000000767000000, 0x0000000767100000|  0%| F|  |TAMS 0x0000000767000000, 0x0000000767000000| Untracked 
|  83|0x0000000767100000, 0x0000000767100000, 0x0000000767200000|  0%| F|  |TAMS 0x0000000767100000, 0x0000000767100000| Untracked 
|  84|0x0000000767200000, 0x0000000767200000, 0x0000000767300000|  0%| F|  |TAMS 0x0000000767200000, 0x0000000767200000| Untracked 
|  85|0x0000000767300000, 0x0000000767300000, 0x0000000767400000|  0%| F|  |TAMS 0x0000000767300000, 0x0000000767300000| Untracked 
|  86|0x0000000767400000, 0x0000000767400000, 0x0000000767500000|  0%| F|  |TAMS 0x0000000767400000, 0x0000000767400000| Untracked 
|  87|0x0000000767500000, 0x0000000767500000, 0x0000000767600000|  0%| F|  |TAMS 0x0000000767500000, 0x0000000767500000| Untracked 
|  88|0x0000000767600000, 0x0000000767600000, 0x0000000767700000|  0%| F|  |TAMS 0x0000000767600000, 0x0000000767600000| Untracked 
|  89|0x0000000767700000, 0x0000000767700000, 0x0000000767800000|  0%| F|  |TAMS 0x0000000767700000, 0x0000000767700000| Untracked 
|  90|0x0000000767800000, 0x0000000767800000, 0x0000000767900000|  0%| F|  |TAMS 0x0000000767800000, 0x0000000767800000| Untracked 
|  91|0x0000000767900000, 0x0000000767900000, 0x0000000767a00000|  0%| F|  |TAMS 0x0000000767900000, 0x0000000767900000| Untracked 
|  92|0x0000000767a00000, 0x0000000767a00000, 0x0000000767b00000|  0%| F|  |TAMS 0x0000000767a00000, 0x0000000767a00000| Untracked 
|  93|0x0000000767b00000, 0x0000000767b00000, 0x0000000767c00000|  0%| F|  |TAMS 0x0000000767b00000, 0x0000000767b00000| Untracked 
|  94|0x0000000767c00000, 0x0000000767c00000, 0x0000000767d00000|  0%| F|  |TAMS 0x0000000767c00000, 0x0000000767c00000| Untracked 
|  95|0x0000000767d00000, 0x0000000767d00000, 0x0000000767e00000|  0%| F|  |TAMS 0x0000000767d00000, 0x0000000767d00000| Untracked 
|  96|0x0000000767e00000, 0x0000000767e00000, 0x0000000767f00000|  0%| F|  |TAMS 0x0000000767e00000, 0x0000000767e00000| Untracked 
|  97|0x0000000767f00000, 0x0000000767f00000, 0x0000000768000000|  0%| F|  |TAMS 0x0000000767f00000, 0x0000000767f00000| Untracked 
|  98|0x0000000768000000, 0x0000000768000000, 0x0000000768100000|  0%| F|  |TAMS 0x0000000768000000, 0x0000000768000000| Untracked 
|  99|0x0000000768100000, 0x0000000768100000, 0x0000000768200000|  0%| F|  |TAMS 0x0000000768100000, 0x0000000768100000| Untracked 
| 100|0x0000000768200000, 0x0000000768200000, 0x0000000768300000|  0%| F|  |TAMS 0x0000000768200000, 0x0000000768200000| Untracked 
| 101|0x0000000768300000, 0x0000000768300000, 0x0000000768400000|  0%| F|  |TAMS 0x0000000768300000, 0x0000000768300000| Untracked 
| 102|0x0000000768400000, 0x0000000768400000, 0x0000000768500000|  0%| F|  |TAMS 0x0000000768400000, 0x0000000768400000| Untracked 
| 103|0x0000000768500000, 0x0000000768500000, 0x0000000768600000|  0%| F|  |TAMS 0x0000000768500000, 0x0000000768500000| Untracked 
| 104|0x0000000768600000, 0x0000000768600000, 0x0000000768700000|  0%| F|  |TAMS 0x0000000768600000, 0x0000000768600000| Untracked 
| 105|0x0000000768700000, 0x0000000768700000, 0x0000000768800000|  0%| F|  |TAMS 0x0000000768700000, 0x0000000768700000| Untracked 
| 106|0x0000000768800000, 0x0000000768800000, 0x0000000768900000|  0%| F|  |TAMS 0x0000000768800000, 0x0000000768800000| Untracked 
| 107|0x0000000768900000, 0x0000000768900000, 0x0000000768a00000|  0%| F|  |TAMS 0x0000000768900000, 0x0000000768900000| Untracked 
| 108|0x0000000768a00000, 0x0000000768a00000, 0x0000000768b00000|  0%| F|  |TAMS 0x0000000768a00000, 0x0000000768a00000| Untracked 
| 109|0x0000000768b00000, 0x0000000768b00000, 0x0000000768c00000|  0%| F|  |TAMS 0x0000000768b00000, 0x0000000768b00000| Untracked 
| 110|0x0000000768c00000, 0x0000000768c00000, 0x0000000768d00000|  0%| F|  |TAMS 0x0000000768c00000, 0x0000000768c00000| Untracked 
| 111|0x0000000768d00000, 0x0000000768d00000, 0x0000000768e00000|  0%| F|  |TAMS 0x0000000768d00000, 0x0000000768d00000| Untracked 
| 112|0x0000000768e00000, 0x0000000768e00000, 0x0000000768f00000|  0%| F|  |TAMS 0x0000000768e00000, 0x0000000768e00000| Untracked 
| 113|0x0000000768f00000, 0x0000000768f00000, 0x0000000769000000|  0%| F|  |TAMS 0x0000000768f00000, 0x0000000768f00000| Untracked 
| 114|0x0000000769000000, 0x0000000769000000, 0x0000000769100000|  0%| F|  |TAMS 0x0000000769000000, 0x0000000769000000| Untracked 
| 115|0x0000000769100000, 0x0000000769100000, 0x0000000769200000|  0%| F|  |TAMS 0x0000000769100000, 0x0000000769100000| Untracked 
| 116|0x0000000769200000, 0x0000000769200000, 0x0000000769300000|  0%| F|  |TAMS 0x0000000769200000, 0x0000000769200000| Untracked 
| 117|0x0000000769300000, 0x0000000769300000, 0x0000000769400000|  0%| F|  |TAMS 0x0000000769300000, 0x0000000769300000| Untracked 
| 118|0x0000000769400000, 0x0000000769400000, 0x0000000769500000|  0%| F|  |TAMS 0x0000000769400000, 0x0000000769400000| Untracked 
| 119|0x0000000769500000, 0x0000000769500000, 0x0000000769600000|  0%| F|  |TAMS 0x0000000769500000, 0x0000000769500000| Untracked 
| 120|0x0000000769600000, 0x0000000769600000, 0x0000000769700000|  0%| F|  |TAMS 0x0000000769600000, 0x0000000769600000| Untracked 
| 121|0x0000000769700000, 0x0000000769700000, 0x0000000769800000|  0%| F|  |TAMS 0x0000000769700000, 0x0000000769700000| Untracked 
| 122|0x0000000769800000, 0x0000000769800000, 0x0000000769900000|  0%| F|  |TAMS 0x0000000769800000, 0x0000000769800000| Untracked 
| 123|0x0000000769900000, 0x0000000769900000, 0x0000000769a00000|  0%| F|  |TAMS 0x0000000769900000, 0x0000000769900000| Untracked 
| 124|0x0000000769a00000, 0x0000000769a00000, 0x0000000769b00000|  0%| F|  |TAMS 0x0000000769a00000, 0x0000000769a00000| Untracked 
| 125|0x0000000769b00000, 0x0000000769b00000, 0x0000000769c00000|  0%| F|  |TAMS 0x0000000769b00000, 0x0000000769b00000| Untracked 
| 126|0x0000000769c00000, 0x0000000769c00000, 0x0000000769d00000|  0%| F|  |TAMS 0x0000000769c00000, 0x0000000769c00000| Untracked 
| 127|0x0000000769d00000, 0x0000000769d00000, 0x0000000769e00000|  0%| F|  |TAMS 0x0000000769d00000, 0x0000000769d00000| Untracked 
| 128|0x0000000769e00000, 0x0000000769e00000, 0x0000000769f00000|  0%| F|  |TAMS 0x0000000769e00000, 0x0000000769e00000| Untracked 
| 129|0x0000000769f00000, 0x0000000769f00000, 0x000000076a000000|  0%| F|  |TAMS 0x0000000769f00000, 0x0000000769f00000| Untracked 
| 130|0x000000076a000000, 0x000000076a000000, 0x000000076a100000|  0%| F|  |TAMS 0x000000076a000000, 0x000000076a000000| Untracked 
| 131|0x000000076a100000, 0x000000076a100000, 0x000000076a200000|  0%| F|  |TAMS 0x000000076a100000, 0x000000076a100000| Untracked 
| 132|0x000000076a200000, 0x000000076a200000, 0x000000076a300000|  0%| F|  |TAMS 0x000000076a200000, 0x000000076a200000| Untracked 
| 133|0x000000076a300000, 0x000000076a300000, 0x000000076a400000|  0%| F|  |TAMS 0x000000076a300000, 0x000000076a300000| Untracked 
| 134|0x000000076a400000, 0x000000076a400000, 0x000000076a500000|  0%| F|  |TAMS 0x000000076a400000, 0x000000076a400000| Untracked 
| 135|0x000000076a500000, 0x000000076a500000, 0x000000076a600000|  0%| F|  |TAMS 0x000000076a500000, 0x000000076a500000| Untracked 
| 136|0x000000076a600000, 0x000000076a600000, 0x000000076a700000|  0%| F|  |TAMS 0x000000076a600000, 0x000000076a600000| Untracked 
| 137|0x000000076a700000, 0x000000076a700000, 0x000000076a800000|  0%| F|  |TAMS 0x000000076a700000, 0x000000076a700000| Untracked 
| 138|0x000000076a800000, 0x000000076a800000, 0x000000076a900000|  0%| F|  |TAMS 0x000000076a800000, 0x000000076a800000| Untracked 
| 139|0x000000076a900000, 0x000000076a900000, 0x000000076aa00000|  0%| F|  |TAMS 0x000000076a900000, 0x000000076a900000| Untracked 
| 140|0x000000076aa00000, 0x000000076aa00000, 0x000000076ab00000|  0%| F|  |TAMS 0x000000076aa00000, 0x000000076aa00000| Untracked 
| 141|0x000000076ab00000, 0x000000076ab00000, 0x000000076ac00000|  0%| F|  |TAMS 0x000000076ab00000, 0x000000076ab00000| Untracked 
| 142|0x000000076ac00000, 0x000000076ac00000, 0x000000076ad00000|  0%| F|  |TAMS 0x000000076ac00000, 0x000000076ac00000| Untracked 
| 143|0x000000076ad00000, 0x000000076ad00000, 0x000000076ae00000|  0%| F|  |TAMS 0x000000076ad00000, 0x000000076ad00000| Untracked 
| 144|0x000000076ae00000, 0x000000076ae00000, 0x000000076af00000|  0%| F|  |TAMS 0x000000076ae00000, 0x000000076ae00000| Untracked 
| 145|0x000000076af00000, 0x000000076af00000, 0x000000076b000000|  0%| F|  |TAMS 0x000000076af00000, 0x000000076af00000| Untracked 
| 146|0x000000076b000000, 0x000000076b100000, 0x000000076b100000|100%| S|CS|TAMS 0x000000076b000000, 0x000000076b000000| Complete 
| 147|0x000000076b100000, 0x000000076b200000, 0x000000076b200000|100%| S|CS|TAMS 0x000000076b100000, 0x000000076b100000| Complete 
| 148|0x000000076b200000, 0x000000076b300000, 0x000000076b300000|100%| S|CS|TAMS 0x000000076b200000, 0x000000076b200000| Complete 
| 149|0x000000076b300000, 0x000000076b400000, 0x000000076b400000|100%| S|CS|TAMS 0x000000076b300000, 0x000000076b300000| Complete 
| 150|0x000000076b400000, 0x000000076b500000, 0x000000076b500000|100%| S|CS|TAMS 0x000000076b400000, 0x000000076b400000| Complete 
| 151|0x000000076b500000, 0x000000076b600000, 0x000000076b600000|100%| S|CS|TAMS 0x000000076b500000, 0x000000076b500000| Complete 
| 152|0x000000076b600000, 0x000000076b700000, 0x000000076b700000|100%| S|CS|TAMS 0x000000076b600000, 0x000000076b600000| Complete 
| 153|0x000000076b700000, 0x000000076b700000, 0x000000076b800000|  0%| F|  |TAMS 0x000000076b700000, 0x000000076b700000| Untracked 
| 154|0x000000076b800000, 0x000000076b800000, 0x000000076b900000|  0%| F|  |TAMS 0x000000076b800000, 0x000000076b800000| Untracked 
| 155|0x000000076b900000, 0x000000076b900000, 0x000000076ba00000|  0%| F|  |TAMS 0x000000076b900000, 0x000000076b900000| Untracked 
| 156|0x000000076ba00000, 0x000000076ba00000, 0x000000076bb00000|  0%| F|  |TAMS 0x000000076ba00000, 0x000000076ba00000| Untracked 
| 157|0x000000076bb00000, 0x000000076bb00000, 0x000000076bc00000|  0%| F|  |TAMS 0x000000076bb00000, 0x000000076bb00000| Untracked 
| 158|0x000000076bc00000, 0x000000076bc00000, 0x000000076bd00000|  0%| F|  |TAMS 0x000000076bc00000, 0x000000076bc00000| Untracked 
| 159|0x000000076bd00000, 0x000000076bd00000, 0x000000076be00000|  0%| F|  |TAMS 0x000000076bd00000, 0x000000076bd00000| Untracked 
| 160|0x000000076be00000, 0x000000076be00000, 0x000000076bf00000|  0%| F|  |TAMS 0x000000076be00000, 0x000000076be00000| Untracked 
| 161|0x000000076bf00000, 0x000000076bf00000, 0x000000076c000000|  0%| F|  |TAMS 0x000000076bf00000, 0x000000076bf00000| Untracked 
| 162|0x000000076c000000, 0x000000076c000000, 0x000000076c100000|  0%| F|  |TAMS 0x000000076c000000, 0x000000076c000000| Untracked 
| 163|0x000000076c100000, 0x000000076c100000, 0x000000076c200000|  0%| F|  |TAMS 0x000000076c100000, 0x000000076c100000| Untracked 
| 164|0x000000076c200000, 0x000000076c200000, 0x000000076c300000|  0%| F|  |TAMS 0x000000076c200000, 0x000000076c200000| Untracked 
| 165|0x000000076c300000, 0x000000076c300000, 0x000000076c400000|  0%| F|  |TAMS 0x000000076c300000, 0x000000076c300000| Untracked 
| 166|0x000000076c400000, 0x000000076c400000, 0x000000076c500000|  0%| F|  |TAMS 0x000000076c400000, 0x000000076c400000| Untracked 
| 167|0x000000076c500000, 0x000000076c500000, 0x000000076c600000|  0%| F|  |TAMS 0x000000076c500000, 0x000000076c500000| Untracked 
| 168|0x000000076c600000, 0x000000076c600000, 0x000000076c700000|  0%| F|  |TAMS 0x000000076c600000, 0x000000076c600000| Untracked 
| 169|0x000000076c700000, 0x000000076c700000, 0x000000076c800000|  0%| F|  |TAMS 0x000000076c700000, 0x000000076c700000| Untracked 
| 170|0x000000076c800000, 0x000000076c800000, 0x000000076c900000|  0%| F|  |TAMS 0x000000076c800000, 0x000000076c800000| Untracked 
| 171|0x000000076c900000, 0x000000076c900000, 0x000000076ca00000|  0%| F|  |TAMS 0x000000076c900000, 0x000000076c900000| Untracked 
| 172|0x000000076ca00000, 0x000000076ca00000, 0x000000076cb00000|  0%| F|  |TAMS 0x000000076ca00000, 0x000000076ca00000| Untracked 
| 173|0x000000076cb00000, 0x000000076cb00000, 0x000000076cc00000|  0%| F|  |TAMS 0x000000076cb00000, 0x000000076cb00000| Untracked 
| 174|0x000000076cc00000, 0x000000076cc00000, 0x000000076cd00000|  0%| F|  |TAMS 0x000000076cc00000, 0x000000076cc00000| Untracked 
| 175|0x000000076cd00000, 0x000000076cd00000, 0x000000076ce00000|  0%| F|  |TAMS 0x000000076cd00000, 0x000000076cd00000| Untracked 
| 176|0x000000076ce00000, 0x000000076ce00000, 0x000000076cf00000|  0%| F|  |TAMS 0x000000076ce00000, 0x000000076ce00000| Untracked 
| 177|0x000000076cf00000, 0x000000076cf00000, 0x000000076d000000|  0%| F|  |TAMS 0x000000076cf00000, 0x000000076cf00000| Untracked 
| 178|0x000000076d000000, 0x000000076d000000, 0x000000076d100000|  0%| F|  |TAMS 0x000000076d000000, 0x000000076d000000| Untracked 
| 179|0x000000076d100000, 0x000000076d100000, 0x000000076d200000|  0%| F|  |TAMS 0x000000076d100000, 0x000000076d100000| Untracked 
| 180|0x000000076d200000, 0x000000076d200000, 0x000000076d300000|  0%| F|  |TAMS 0x000000076d200000, 0x000000076d200000| Untracked 
| 181|0x000000076d300000, 0x000000076d300000, 0x000000076d400000|  0%| F|  |TAMS 0x000000076d300000, 0x000000076d300000| Untracked 
| 182|0x000000076d400000, 0x000000076d400000, 0x000000076d500000|  0%| F|  |TAMS 0x000000076d400000, 0x000000076d400000| Untracked 
| 183|0x000000076d500000, 0x000000076d500000, 0x000000076d600000|  0%| F|  |TAMS 0x000000076d500000, 0x000000076d500000| Untracked 
| 184|0x000000076d600000, 0x000000076d600000, 0x000000076d700000|  0%| F|  |TAMS 0x000000076d600000, 0x000000076d600000| Untracked 
| 185|0x000000076d700000, 0x000000076d700000, 0x000000076d800000|  0%| F|  |TAMS 0x000000076d700000, 0x000000076d700000| Untracked 
| 186|0x000000076d800000, 0x000000076d800000, 0x000000076d900000|  0%| F|  |TAMS 0x000000076d800000, 0x000000076d800000| Untracked 
| 187|0x000000076d900000, 0x000000076d900000, 0x000000076da00000|  0%| F|  |TAMS 0x000000076d900000, 0x000000076d900000| Untracked 
| 188|0x000000076da00000, 0x000000076da00000, 0x000000076db00000|  0%| F|  |TAMS 0x000000076da00000, 0x000000076da00000| Untracked 
| 189|0x000000076db00000, 0x000000076db00000, 0x000000076dc00000|  0%| F|  |TAMS 0x000000076db00000, 0x000000076db00000| Untracked 
| 190|0x000000076dc00000, 0x000000076dc00000, 0x000000076dd00000|  0%| F|  |TAMS 0x000000076dc00000, 0x000000076dc00000| Untracked 
| 191|0x000000076dd00000, 0x000000076dd00000, 0x000000076de00000|  0%| F|  |TAMS 0x000000076dd00000, 0x000000076dd00000| Untracked 

Card table byte_map: [0x0000023ff72b0000,0x0000023ff77b0000] _byte_map_base: 0x0000023ff37a1000

Marking Bits (Prev, Next): (CMBitMap*) 0x0000023fdf5fb1c8, (CMBitMap*) 0x0000023fdf5fb200
 Prev Bits: [0x0000023ff7cb0000, 0x0000023ffa438000)
 Next Bits: [0x0000023ffa440000, 0x0000023ffcbc8000)

Polling page: 0x0000023fdd590000

Metaspace:

Usage:
  Non-class:     34.31 MB capacity,    33.68 MB ( 98%) used,   511.99 KB (  1%) free+waste,   125.06 KB ( <1%) overhead. 
      Class:      5.00 MB capacity,     4.58 MB ( 92%) used,   373.47 KB (  7%) free+waste,    60.81 KB (  1%) overhead. 
       Both:     39.31 MB capacity,    38.26 MB ( 97%) used,   885.46 KB (  2%) free+waste,   185.88 KB ( <1%) overhead. 

Virtual space:
  Non-class space:       36.00 MB reserved,      34.42 MB ( 96%) committed 
      Class space:        1.00 GB reserved,       5.00 MB ( <1%) committed 
             Both:        1.04 GB reserved,      39.42 MB (  4%) committed 

Chunk freelists:
   Non-Class:  6.75 KB
       Class:  0 bytes
        Both:  6.75 KB

CodeHeap 'non-profiled nmethods': size=120000Kb used=1415Kb max_used=1415Kb free=118584Kb
 bounds [0x0000023fef540000, 0x0000023fef7b0000, 0x0000023ff6a70000]
CodeHeap 'profiled nmethods': size=120000Kb used=6489Kb max_used=6489Kb free=113510Kb
 bounds [0x0000023fe8010000, 0x0000023fe8670000, 0x0000023fef540000]
CodeHeap 'non-nmethods': size=5760Kb used=1197Kb max_used=1230Kb free=4562Kb
 bounds [0x0000023fe7a70000, 0x0000023fe7ce0000, 0x0000023fe8010000]
 total_blobs=3474 nmethods=2932 adapters=453
 compilation: enabled
              stopped_count=0, restarted_count=0
 full_count=0

Compilation events (10 events):
Event: 6.825 Thread 0x0000023f80019800 2966   !   3       java.util.jar.JarFile::getBytes (137 bytes)
Event: 6.826 Thread 0x0000023f80019800 nmethod 2966 0x0000023fe8663990 code [0x0000023fe8663ca0, 0x0000023fe8664d98]
Event: 6.826 Thread 0x0000023f80019800 2968       3       com.google.common.collect.RegularImmutableMap::get (64 bytes)
Event: 6.827 Thread 0x0000023f80019800 nmethod 2968 0x0000023fe8665590 code [0x0000023fe86657a0, 0x0000023fe8665e08]
Event: 6.827 Thread 0x0000023f80019800 2967       3       com.google.common.collect.RegularImmutableMap::get (13 bytes)
Event: 6.827 Thread 0x0000023f80019800 nmethod 2967 0x0000023fe8666010 code [0x0000023fe86661c0, 0x0000023fe8666308]
Event: 6.827 Thread 0x0000023f80019800 2969       3       jdk.internal.loader.ClassLoaders::platformClassLoader (4 bytes)
Event: 6.827 Thread 0x0000023f80019800 nmethod 2969 0x0000023fe8666390 code [0x0000023fe8666520, 0x0000023fe8666618]
Event: 6.827 Thread 0x0000023f80019800 2970       1       java.util.Collections$EmptyEnumeration::hasMoreElements (2 bytes)
Event: 6.827 Thread 0x0000023f80019800 nmethod 2970 0x0000023fef6a1b90 code [0x0000023fef6a1d20, 0x0000023fef6a1dd8]

GC Heap History (10 events):
Event: 2.195 GC heap before
{Heap before GC invocations=1 (full 0):
 garbage-first heap   total 163840K, used 74795K [0x0000000761e00000, 0x0000000800000000)
  region size 1024K, 69 young (70656K), 3 survivors (3072K)
 Metaspace       used 20736K, capacity 21177K, committed 21296K, reserved 1069056K
  class space    used 2220K, capacity 2370K, committed 2432K, reserved 1048576K
}
Event: 2.205 GC heap after
{Heap after GC invocations=2 (full 0):
 garbage-first heap   total 163840K, used 13679K [0x0000000761e00000, 0x0000000800000000)
  region size 1024K, 9 young (9216K), 9 survivors (9216K)
 Metaspace       used 20736K, capacity 21177K, committed 21296K, reserved 1069056K
  class space    used 2220K, capacity 2370K, committed 2432K, reserved 1048576K
}
Event: 2.687 GC heap before
{Heap before GC invocations=3 (full 0):
 garbage-first heap   total 163840K, used 40303K [0x0000000761e00000, 0x0000000800000000)
  region size 1024K, 35 young (35840K), 9 survivors (9216K)
 Metaspace       used 24202K, capacity 24747K, committed 24880K, reserved 1071104K
  class space    used 2731K, capacity 2923K, committed 2944K, reserved 1048576K
}
Event: 2.697 GC heap after
{Heap after GC invocations=4 (full 0):
 garbage-first heap   total 163840K, used 14475K [0x0000000761e00000, 0x0000000800000000)
  region size 1024K, 1 young (1024K), 1 survivors (1024K)
 Metaspace       used 24202K, capacity 24747K, committed 24880K, reserved 1071104K
  class space    used 2731K, capacity 2923K, committed 2944K, reserved 1048576K
}
Event: 3.848 GC heap before
{Heap before GC invocations=4 (full 0):
 garbage-first heap   total 163840K, used 89227K [0x0000000761e00000, 0x0000000800000000)
  region size 1024K, 74 young (75776K), 1 survivors (1024K)
 Metaspace       used 33095K, capacity 33908K, committed 34096K, reserved 1079296K
  class space    used 3816K, capacity 4124K, committed 4224K, reserved 1048576K
}
Event: 3.856 GC heap after
{Heap after GC invocations=5 (full 0):
 garbage-first heap   total 163840K, used 19125K [0x0000000761e00000, 0x0000000800000000)
  region size 1024K, 6 young (6144K), 6 survivors (6144K)
 Metaspace       used 33095K, capacity 33908K, committed 34096K, reserved 1079296K
  class space    used 3816K, capacity 4124K, committed 4224K, reserved 1048576K
}
Event: 4.045 GC heap before
{Heap before GC invocations=5 (full 0):
 garbage-first heap   total 163840K, used 34485K [0x0000000761e00000, 0x0000000800000000)
  region size 1024K, 22 young (22528K), 6 survivors (6144K)
 Metaspace       used 34947K, capacity 35763K, committed 35888K, reserved 1081344K
  class space    used 4067K, capacity 4408K, committed 4480K, reserved 1048576K
}
Event: 4.054 GC heap after
{Heap after GC invocations=6 (full 0):
 garbage-first heap   total 196608K, used 20163K [0x0000000761e00000, 0x0000000800000000)
  region size 1024K, 7 young (7168K), 7 survivors (7168K)
 Metaspace       used 34947K, capacity 35763K, committed 35888K, reserved 1081344K
  class space    used 4067K, capacity 4408K, committed 4480K, reserved 1048576K
}
Event: 6.828 GC heap before
{Heap before GC invocations=7 (full 0):
 garbage-first heap   total 196608K, used 64195K [0x0000000761e00000, 0x0000000800000000)
  region size 1024K, 46 young (47104K), 7 survivors (7168K)
 Metaspace       used 39178K, capacity 40250K, committed 40368K, reserved 1085440K
  class space    used 4685K, capacity 5120K, committed 5120K, reserved 1048576K
}
Event: 6.838 GC heap after
{Heap after GC invocations=8 (full 0):
 garbage-first heap   total 196608K, used 26497K [0x0000000761e00000, 0x0000000800000000)
  region size 1024K, 7 young (7168K), 7 survivors (7168K)
 Metaspace       used 39178K, capacity 40250K, committed 40368K, reserved 1085440K
  class space    used 4685K, capacity 5120K, committed 5120K, reserved 1048576K
}

Deoptimization events (10 events):
Event: 3.477 Thread 0x0000023fdf5b5800 Uncommon trap: reason=bimorphic_or_optimized_type_check action=maybe_recompile pc=0x0000023fef609780 method=java.net.URL.<init>(Ljava/net/URL;Ljava/lang/String;Ljava/net/URLStreamHandler;)V @ 504 c2
Event: 3.477 Thread 0x0000023fdf5b5800 Uncommon trap: reason=unstable_if action=reinterpret pc=0x0000023fef601274 method=sun.net.util.IPAddressUtil.scan(Ljava/lang/String;JJ[C)I @ 14 c2
Event: 3.505 Thread 0x0000023fdf5b5800 Uncommon trap: reason=unstable_if action=reinterpret pc=0x0000023fef632628 method=java.io.ByteArrayInputStream.read([BII)I @ 35 c2
Event: 3.505 Thread 0x0000023fdf5b5800 Uncommon trap: reason=unstable_if action=reinterpret pc=0x0000023fef613e68 method=java.util.jar.JarFile.getVersionedEntry(Ljava/lang/String;Ljava/util/jar/JarEntry;)Ljava/util/jar/JarEntry; @ 7 c2
Event: 3.541 Thread 0x0000023fdf5b5800 Uncommon trap: reason=bimorphic_or_optimized_type_check action=maybe_recompile pc=0x0000023fef609780 method=java.net.URL.<init>(Ljava/net/URL;Ljava/lang/String;Ljava/net/URLStreamHandler;)V @ 504 c2
Event: 4.062 Thread 0x0000023fdf5b5800 Uncommon trap: reason=unstable_if action=reinterpret pc=0x0000023fef5b96cc method=java.lang.String.replace(CC)Ljava/lang/String; @ 2 c2
Event: 4.075 Thread 0x0000023f825e3800 Uncommon trap: reason=bimorphic_or_optimized_type_check action=maybe_recompile pc=0x0000023fef609780 method=java.net.URL.<init>(Ljava/net/URL;Ljava/lang/String;Ljava/net/URLStreamHandler;)V @ 504 c2
Event: 4.666 Thread 0x0000023fdf5b5800 Uncommon trap: reason=unstable_if action=reinterpret pc=0x0000023fef672c50 method=jdk.internal.org.objectweb.asm.Type.getArgumentsAndReturnSizes(Ljava/lang/String;)I @ 47 c2
Event: 4.716 Thread 0x0000023fdf5b5800 Uncommon trap: reason=unstable_if action=reinterpret pc=0x0000023fef66955c method=jdk.internal.org.objectweb.asm.Item.isEqualTo(Ljdk/internal/org/objectweb/asm/Item;)Z @ 331 c2
Event: 5.689 Thread 0x0000023f82f62000 Uncommon trap: reason=intrinsic_or_type_checked_inlining action=make_not_entrant pc=0x0000023fef6935a8 method=java.util.Arrays.copyOf([Ljava/lang/Object;ILjava/lang/Class;)[Ljava/lang/Object; @ 35 c2

Classes redefined (0 events):
No events

Internal exceptions (10 events):
Event: 4.619 Thread 0x0000023f82f63800 Exception <a 'java/net/SocketTimeoutException'{0x000000076db08ae8}: connect timed out> (0x000000076db08ae8) thrown at [./open/src/hotspot/share/prims/jni.cpp, line 632]
Event: 4.664 Thread 0x0000023fdf5b5800 Exception <a 'java/lang/NoSuchMethodError'{0x000000076daee3e0}: java.lang.invoke.DirectMethodHandle$Holder.invokeVirtual(Ljava/lang/Object;Ljava/lang/Object;)D> (0x000000076daee3e0) thrown at [./open/src/hotspot/share/interpreter/linkResolver.cpp, line 77
Event: 4.665 Thread 0x0000023fdf5b5800 Exception <a 'java/lang/NoSuchMethodError'{0x000000076daf41d0}: java.lang.invoke.DirectMethodHandle$Holder.invokeVirtual(Ljava/lang/Object;Ljava/lang/Object;)F> (0x000000076daf41d0) thrown at [./open/src/hotspot/share/interpreter/linkResolver.cpp, line 77
Event: 4.666 Thread 0x0000023fdf5b5800 Exception <a 'java/lang/NoSuchMethodError'{0x000000076dafc910}: java.lang.invoke.DirectMethodHandle$Holder.invokeVirtual(Ljava/lang/Object;Ljava/lang/Object;)J> (0x000000076dafc910) thrown at [./open/src/hotspot/share/interpreter/linkResolver.cpp, line 77
Event: 4.695 Thread 0x0000023fdf5b5800 Exception <a 'java/lang/NoSuchMethodError'{0x000000076d86ad28}: java.lang.invoke.DirectMethodHandle$Holder.invokeStatic(Ljava/lang/Object;Ljava/lang/Object;I)V> (0x000000076d86ad28) thrown at [./open/src/hotspot/share/interpreter/linkResolver.cpp, line 77
Event: 4.729 Thread 0x0000023fdf5b5800 Exception <a 'java/lang/NoSuchMethodError'{0x000000076d7c6498}: java.lang.invoke.DirectMethodHandle$Holder.invokeSpecialIFC(Ljava/lang/Object;Ljava/lang/Object;Ljava/lang/Object;)I> (0x000000076d7c6498) thrown at [./open/src/hotspot/share/interpreter/link
Event: 4.821 Thread 0x0000023fdf5b5800 Exception <a 'java/lang/NoSuchMethodError'{0x000000076cf49a58}: java.lang.invoke.DirectMethodHandle$Holder.invokeSpecial(Ljava/lang/Object;Ljava/lang/Object;Ljava/lang/Object;Ljava/lang/Object;Ljava/lang/Object;Ljava/lang/Object;)V> (0x000000076cf49a58) t
Event: 6.750 Thread 0x0000023fdf5b5800 Exception <a 'java/lang/NoSuchMethodError'{0x000000076bb8bed8}: java.lang.invoke.DirectMethodHandle$Holder.invokeSpecialIFC(Ljava/lang/Object;Ljava/lang/Object;Ljava/lang/Object;)Ljava/lang/Object;> (0x000000076bb8bed8) thrown at [./open/src/hotspot/share
Event: 6.776 Thread 0x0000023fdf5b5800 Exception <a 'java/lang/ClassNotFoundException'{0x000000076ba67808}: sun/util/logging/resources/spi/loggingProvider> (0x000000076ba67808) thrown at [./open/src/hotspot/share/classfile/systemDictionary.cpp, line 228]
Event: 6.820 Thread 0x0000023fdf5b5800 Exception <a 'java/lang/reflect/InvocationTargetException'{0x000000076b8eb2e0}> (0x000000076b8eb2e0) thrown at [./open/src/hotspot/share/runtime/reflection.cpp, line 1242]

Events (10 events):
Event: 6.823 loading class java/time/Instant$1 done
Event: 6.823 loading class io/cucumber/plugin/event/Result
Event: 6.823 loading class io/cucumber/plugin/event/Result done
Event: 6.824 loading class io/cucumber/junit/JUnitReporter$1
Event: 6.824 loading class io/cucumber/junit/JUnitReporter$1 done
Event: 6.827 loading class net/thucydides/core/model/TestOutcome
Event: 6.827 loading class net/thucydides/core/model/TestOutcome done
Event: 6.827 loading class net/thucydides/core/model/TestOutcome
Event: 6.827 loading class net/thucydides/core/model/TestOutcome done
Event: 6.828 Executing VM operation: CollectForMetadataAllocation


Dynamic libraries:
0x00007ff70f6e0000 - 0x00007ff70f6ef000 	C:\Program Files\Java\jdk-11.0.12\bin\java.exe
0x00007ffdf5e10000 - 0x00007ffdf6024000 	C:\WINDOWS\SYSTEM32\ntdll.dll
0x00007ffdf3c20000 - 0x00007ffdf3ce2000 	C:\WINDOWS\System32\KERNEL32.DLL
0x00007ffdf35d0000 - 0x00007ffdf396c000 	C:\WINDOWS\System32\KERNELBASE.dll
0x00007ffdf3280000 - 0x00007ffdf3391000 	C:\WINDOWS\System32\ucrtbase.dll
0x00007ffded7c0000 - 0x00007ffded7d5000 	C:\Program Files\Java\jdk-11.0.12\bin\VCRUNTIME140.dll
0x00007ffdee650000 - 0x00007ffdee668000 	C:\Program Files\Java\jdk-11.0.12\bin\jli.dll
0x00007ffdf56c0000 - 0x00007ffdf576e000 	C:\WINDOWS\System32\ADVAPI32.dll
0x00007ffdf4c10000 - 0x00007ffdf4cb7000 	C:\WINDOWS\System32\msvcrt.dll
0x00007ffdf55d0000 - 0x00007ffdf5674000 	C:\WINDOWS\System32\sechost.dll
0x00007ffdf4550000 - 0x00007ffdf4665000 	C:\WINDOWS\System32\RPCRT4.dll
0x00007ffdf4fa0000 - 0x00007ffdf514b000 	C:\WINDOWS\System32\USER32.dll
0x00007ffddf160000 - 0x00007ffddf3ee000 	C:\WINDOWS\WinSxS\amd64_microsoft.windows.common-controls_6595b64144ccf1df_6.0.22621.317_none_a9434687c10c9fa2\COMCTL32.dll
0x00007ffdf3250000 - 0x00007ffdf3276000 	C:\WINDOWS\System32\win32u.dll
0x00007ffdf5680000 - 0x00007ffdf56a9000 	C:\WINDOWS\System32\GDI32.dll
0x00007ffdf34b0000 - 0x00007ffdf35c2000 	C:\WINDOWS\System32\gdi32full.dll
0x00007ffdf33a0000 - 0x00007ffdf343a000 	C:\WINDOWS\System32\msvcp_win.dll
0x00007ffdecd10000 - 0x00007ffdecd1a000 	C:\WINDOWS\SYSTEM32\VERSION.dll
0x00007ffdf5d90000 - 0x00007ffdf5dc1000 	C:\WINDOWS\System32\IMM32.DLL
0x00007ffde4300000 - 0x00007ffde439b000 	C:\Program Files\Java\jdk-11.0.12\bin\msvcp140.dll
0x00007ffdb67d0000 - 0x00007ffdb72cf000 	C:\Program Files\Java\jdk-11.0.12\bin\server\jvm.dll
0x00007ffdf46e0000 - 0x00007ffdf46e8000 	C:\WINDOWS\System32\PSAPI.DLL
0x00007ffdecdd0000 - 0x00007ffdece04000 	C:\WINDOWS\SYSTEM32\WINMM.dll
0x00007ffdcf530000 - 0x00007ffdcf539000 	C:\WINDOWS\SYSTEM32\WSOCK32.dll
0x00007ffdf4e20000 - 0x00007ffdf4e91000 	C:\WINDOWS\System32\WS2_32.dll
0x00007ffdf22d0000 - 0x00007ffdf22e8000 	C:\WINDOWS\SYSTEM32\kernel.appcore.dll
0x00007ffdf00e0000 - 0x00007ffdf00f0000 	C:\Program Files\Java\jdk-11.0.12\bin\verify.dll
0x00007ffdf0f20000 - 0x00007ffdf114e000 	C:\WINDOWS\SYSTEM32\DBGHELP.DLL
0x00007ffdf5800000 - 0x00007ffdf5b89000 	C:\WINDOWS\System32\combase.dll
0x00007ffdf4d20000 - 0x00007ffdf4df7000 	C:\WINDOWS\System32\OLEAUT32.dll
0x00007ffdda140000 - 0x00007ffdda172000 	C:\WINDOWS\SYSTEM32\dbgcore.DLL
0x00007ffdf3970000 - 0x00007ffdf39eb000 	C:\WINDOWS\System32\bcryptPrimitives.dll
0x00007ffde4a00000 - 0x00007ffde4a28000 	C:\Program Files\Java\jdk-11.0.12\bin\java.dll
0x00007ffdec510000 - 0x00007ffdec51a000 	C:\Program Files\Java\jdk-11.0.12\bin\jimage.dll
0x00007ffde58b0000 - 0x00007ffde58c6000 	C:\Program Files\Java\jdk-11.0.12\bin\zip.dll
0x00007ffdf3cf0000 - 0x00007ffdf44cb000 	C:\WINDOWS\System32\SHELL32.dll
0x00007ffdf12b0000 - 0x00007ffdf1b65000 	C:\WINDOWS\SYSTEM32\windows.storage.dll
0x00007ffdf1170000 - 0x00007ffdf12ad000 	C:\WINDOWS\SYSTEM32\wintypes.dll
0x00007ffdf4ea0000 - 0x00007ffdf4f91000 	C:\WINDOWS\System32\SHCORE.dll
0x00007ffdf5d30000 - 0x00007ffdf5d8e000 	C:\WINDOWS\System32\shlwapi.dll
0x00007ffdf3180000 - 0x00007ffdf31a1000 	C:\WINDOWS\SYSTEM32\profapi.dll
0x00007ffde53f0000 - 0x00007ffde5409000 	C:\Program Files\Java\jdk-11.0.12\bin\net.dll
0x00007ffdeb650000 - 0x00007ffdeb77f000 	C:\WINDOWS\SYSTEM32\WINHTTP.dll
0x00007ffdf2730000 - 0x00007ffdf2799000 	C:\WINDOWS\system32\mswsock.dll
0x00007ffde5350000 - 0x00007ffde5362000 	C:\Program Files\Java\jdk-11.0.12\bin\nio.dll
0x00007ffde8070000 - 0x00007ffde8079000 	C:\Program Files\Java\jdk-11.0.12\bin\management.dll
0x00007ffde53e0000 - 0x00007ffde53eb000 	C:\Program Files\Java\jdk-11.0.12\bin\management_ext.dll
0x00007ffdf2980000 - 0x00007ffdf299b000 	C:\WINDOWS\SYSTEM32\CRYPTSP.dll
0x00007ffdf2240000 - 0x00007ffdf2275000 	C:\WINDOWS\system32\rsaenh.dll
0x00007ffdf2820000 - 0x00007ffdf2848000 	C:\WINDOWS\SYSTEM32\USERENV.dll
0x00007ffdf2b30000 - 0x00007ffdf2b58000 	C:\WINDOWS\SYSTEM32\bcrypt.dll
0x00007ffdf2970000 - 0x00007ffdf297c000 	C:\WINDOWS\SYSTEM32\CRYPTBASE.dll
0x00007ffdf1dc0000 - 0x00007ffdf1ded000 	C:\WINDOWS\SYSTEM32\IPHLPAPI.DLL
0x00007ffdf4c00000 - 0x00007ffdf4c09000 	C:\WINDOWS\System32\NSI.dll
0x00007ffdeb630000 - 0x00007ffdeb649000 	C:\WINDOWS\SYSTEM32\dhcpcsvc6.DLL
0x00007ffdeb610000 - 0x00007ffdeb62f000 	C:\WINDOWS\SYSTEM32\dhcpcsvc.DLL
0x00007ffdf1e30000 - 0x00007ffdf1f22000 	C:\WINDOWS\SYSTEM32\DNSAPI.dll
0x00007ffde4c80000 - 0x00007ffde4c8d000 	C:\Program Files\Java\jdk-11.0.12\bin\sunmscapi.dll
0x00007ffdf3ab0000 - 0x00007ffdf3c16000 	C:\WINDOWS\System32\CRYPT32.dll
0x00007ffdf2b00000 - 0x00007ffdf2b2d000 	C:\WINDOWS\SYSTEM32\ncrypt.dll
0x00007ffdf2ac0000 - 0x00007ffdf2af7000 	C:\WINDOWS\SYSTEM32\NTASN1.dll
0x00007ffde4880000 - 0x00007ffde48a5000 	C:\Program Files\Java\jdk-11.0.12\bin\sunec.dll
0x00007ffde1550000 - 0x00007ffde155a000 	C:\Windows\System32\rasadhlp.dll
0x00007ffde9df0000 - 0x00007ffde9e73000 	C:\WINDOWS\System32\fwpuclnt.dll
0x00007ffdd14f0000 - 0x00007ffdd1507000 	C:\WINDOWS\system32\napinsp.dll
0x00007ffdd10f0000 - 0x00007ffdd110b000 	C:\WINDOWS\system32\pnrpnsp.dll
0x00007ffdd10d0000 - 0x00007ffdd10e1000 	C:\WINDOWS\System32\winrnr.dll
0x00007ffdd1040000 - 0x00007ffdd1055000 	C:\WINDOWS\system32\wshbth.dll
0x00007ffdd1010000 - 0x00007ffdd1031000 	C:\WINDOWS\system32\nlansp_c.dll

dbghelp: loaded successfully - version: 4.0.5 - missing functions: none
symbol engine: initialized successfully - sym options: 0x614 - pdb path: .;C:\Program Files\Java\jdk-11.0.12\bin;C:\WINDOWS\SYSTEM32;C:\WINDOWS\WinSxS\amd64_microsoft.windows.common-controls_6595b64144ccf1df_6.0.22621.317_none_a9434687c10c9fa2;C:\Program Files\Java\jdk-11.0.12\bin\server

VM Arguments:
java_command: C:\Users\User\AppData\Local\Temp\surefire10899422721710282494\surefirebooter8539364979265467387.jar C:\Users\User\AppData\Local\Temp\surefire10899422721710282494 2022-10-16T13-35-26_158-jvmRun1 surefire4586253351646148602tmp surefire_0606115986920804607tmp
java_class_path (initial): C:\Users\User\AppData\Local\Temp\surefire10899422721710282494\surefirebooter8539364979265467387.jar
Launcher Type: SUN_STANDARD

[Global flags]
     intx CICompilerCount                          = 4                                         {product} {ergonomic}
     uint ConcGCThreads                            = 2                                         {product} {ergonomic}
     uint G1ConcRefinementThreads                  = 8                                         {product} {ergonomic}
   size_t G1HeapRegionSize                         = 1048576                                   {product} {ergonomic}
    uintx GCDrainStackTargetSize                   = 64                                        {product} {ergonomic}
   size_t InitialHeapSize                          = 167772160                                 {product} {ergonomic}
   size_t MarkStackSize                            = 4194304                                   {product} {ergonomic}
   size_t MaxHeapSize                              = 2652897280                                {product} {ergonomic}
   size_t MaxNewSize                               = 1591738368                                {product} {ergonomic}
   size_t MinHeapDeltaBytes                        = 1048576                                   {product} {ergonomic}
    uintx NonNMethodCodeHeapSize                   = 5836300                                {pd product} {ergonomic}
    uintx NonProfiledCodeHeapSize                  = 122910970                              {pd product} {ergonomic}
    uintx ProfiledCodeHeapSize                     = 122910970                              {pd product} {ergonomic}
    uintx ReservedCodeCacheSize                    = 251658240                              {pd product} {ergonomic}
     bool SegmentedCodeCache                       = true                                      {product} {ergonomic}
     bool UseCompressedClassPointers               = true                                 {lp64_product} {ergonomic}
     bool UseCompressedOops                        = true                                 {lp64_product} {ergonomic}
     bool UseG1GC                                  = true                                      {product} {ergonomic}
     bool UseLargePagesIndividualAllocation        = false                                  {pd product} {ergonomic}

Logging:
Log output configuration:
 #0: stdout all=warning uptime,level,tags
 #1: stderr all=off uptime,level,tags

Environment Variables:
JAVA_HOME=C:\Program Files\Java\jdk-11.0.12
PATH=C:\Program Files\Common Files\Oracle\Java\javapath;C:\Program Files (x86)\Common Files\Oracle\Java\javapath;C:\WINDOWS\system32;C:\WINDOWS;C:\WINDOWS\System32\Wbem;C:\WINDOWS\System32\WindowsPowerShell\v1.0\;C:\WINDOWS\System32\OpenSSH\;C:\apache-maven-3.8.3-bin\apache-maven-3.8.3\bin;C:\Program Files\Java\jdk-11.0.12\bin;C:\Users\User\AppData\Local\Microsoft\WindowsApps;C:\Users\User\AppData\Local\Programs\Microsoft VS Code\bin;C:\Users\User\AppData\Local\Google\Cloud SDK\google-cloud-sdk\bin;C:\Program Files (x86)\Common Files\Oracle\javapath;C:\Users\User\AppData\Local\GitHubDesktop\bin;C:\adb;C:\Program Files\Android\platform-tools;C:\Program Files\Android\platforms;C:\Program Files\Android\build-tools;C:\WINDOWS\system32;C:\WINDOWS;C:\WINDOWS\System32\Wbem;C:\WINDOWS\System32\WindowsPowerShell\v1.0\;C:\WINDOWS\System32\OpenSSH\;C:\Program Files\Git\cmd;C:\Users\User\AppData\Local\Microsoft\WindowsApps;C:\Users\User\AppData\Local\Programs\Microsoft VS Code\bin;C:\Users\User\AppData\Local\Google\Cloud SDK\google-cloud-sdk\bin;C:\Program Files\Java\jdk-11.0.12\bin;C:\Program Files (x86)\Common Files\Oracle\javapath;C:\Users\User\AppData\Local\GitHubDesktop\bin;
USERNAME=User
OS=Windows_NT
PROCESSOR_IDENTIFIER=AMD64 Family 23 Model 24 Stepping 1, AuthenticAMD



---------------  S Y S T E M  ---------------

OS: Windows 10 , 64 bit Build 22621 (10.0.22621.457)

CPU:total 8 (initial active 8) (8 cores per cpu, 2 threads per core) family 23 model 24 stepping 1 microcode 0x0, cmov, cx8, fxsr, mmx, sse, sse2, sse3, ssse3, sse4.1, sse4.2, popcnt, avx, avx2, aes, clmul, mmxext, 3dnowpref, lzcnt, sse4a, ht, tsc, tscinvbit, tscinv, bmi1, bmi2, adx, s

Memory: 4k page, system-wide physical 10116M (215M free)
TotalPageFile size 40836M (AvailPageFile size 4M)
current process WorkingSet (physical memory assigned to process): 248M, peak: 248M
current process commit charge ("private bytes"): 354M, peak: 373M

vm_info: Java HotSpot(TM) 64-Bit Server VM (11.0.12+8-LTS-237) for windows-amd64 JRE (11.0.12+8-LTS-237), built on Jun  8 2021 11:25:59 by "mach5one" with MS VC++ 15.9 (VS2017)

END.
